{"/Users/rukmoni/wiremock/MobileDev/Assesment/AuthContext/src/App.tsx": {"path":"/Users/rukmoni/wiremock/MobileDev/Assesment/AuthContext/src/App.tsx","statementMap":{"0":{"start":{"line":9,"column":2},"end":{"line":13,"column":4}}},"fnMap":{"0":{"name":"App","decl":{"start":{"line":8,"column":24},"end":{"line":8,"column":27}},"loc":{"start":{"line":8,"column":30},"end":{"line":14,"column":1}},"line":8}},"branchMap":{},"s":{"0":0},"f":{"0":0},"b":{}}
,"/Users/rukmoni/wiremock/MobileDev/Assesment/AuthContext/src/types.d.ts": {"path":"/Users/rukmoni/wiremock/MobileDev/Assesment/AuthContext/src/types.d.ts","statementMap":{},"fnMap":{},"branchMap":{},"s":{},"f":{},"b":{}}
,"/Users/rukmoni/wiremock/MobileDev/Assesment/AuthContext/src/components/LoginFooter.tsx": {"path":"/Users/rukmoni/wiremock/MobileDev/Assesment/AuthContext/src/components/LoginFooter.tsx","statementMap":{"0":{"start":{"line":10,"column":21},"end":{"line":10,"column":49}},"1":{"start":{"line":12,"column":2},"end":{"line":25,"column":4}},"2":{"start":{"line":18,"column":23},"end":{"line":18,"column":52}},"3":{"start":{"line":28,"column":15},"end":{"line":46,"column":2}}},"fnMap":{"0":{"name":"LoginFooter","decl":{"start":{"line":9,"column":24},"end":{"line":9,"column":35}},"loc":{"start":{"line":9,"column":71},"end":{"line":26,"column":1}},"line":9},"1":{"name":"(anonymous_1)","decl":{"start":{"line":18,"column":17},"end":{"line":18,"column":18}},"loc":{"start":{"line":18,"column":23},"end":{"line":18,"column":52}},"line":18}},"branchMap":{"0":{"loc":{"start":{"line":20,"column":39},"end":{"line":20,"column":69}},"type":"binary-expr","locations":[{"start":{"line":20,"column":39},"end":{"line":20,"column":46}},{"start":{"line":20,"column":50},"end":{"line":20,"column":69}}],"line":20}},"s":{"0":0,"1":0,"2":0,"3":0},"f":{"0":0,"1":0},"b":{"0":[0,0]}}
,"/Users/rukmoni/wiremock/MobileDev/Assesment/AuthContext/src/context/AuthContext.tsx": {"path":"/Users/rukmoni/wiremock/MobileDev/Assesment/AuthContext/src/context/AuthContext.tsx","statementMap":{"0":{"start":{"line":6,"column":54},"end":{"line":9,"column":1}},"1":{"start":{"line":28,"column":32},"end":{"line":32,"column":1}},"2":{"start":{"line":34,"column":27},"end":{"line":54,"column":1}},"3":{"start":{"line":35,"column":2},"end":{"line":53,"column":3}},"4":{"start":{"line":38,"column":6},"end":{"line":38,"column":54}},"5":{"start":{"line":41,"column":6},"end":{"line":41,"column":77}},"6":{"start":{"line":44,"column":6},"end":{"line":44,"column":65}},"7":{"start":{"line":46,"column":6},"end":{"line":46,"column":67}},"8":{"start":{"line":48,"column":6},"end":{"line":48,"column":77}},"9":{"start":{"line":50,"column":6},"end":{"line":50,"column":39}},"10":{"start":{"line":52,"column":6},"end":{"line":52,"column":19}},"11":{"start":{"line":64,"column":20},"end":{"line":64,"column":73}},"12":{"start":{"line":66,"column":23},"end":{"line":72,"column":1}},"13":{"start":{"line":67,"column":18},"end":{"line":67,"column":41}},"14":{"start":{"line":68,"column":2},"end":{"line":70,"column":3}},"15":{"start":{"line":69,"column":4},"end":{"line":69,"column":67}},"16":{"start":{"line":71,"column":2},"end":{"line":71,"column":17}},"17":{"start":{"line":78,"column":57},"end":{"line":184,"column":1}},"18":{"start":{"line":79,"column":28},"end":{"line":79,"column":65}},"19":{"start":{"line":81,"column":2},"end":{"line":83,"column":9}},"20":{"start":{"line":82,"column":4},"end":{"line":82,"column":18}},"21":{"start":{"line":85,"column":22},"end":{"line":92,"column":3}},"22":{"start":{"line":86,"column":4},"end":{"line":91,"column":5}},"23":{"start":{"line":87,"column":19},"end":{"line":87,"column":34}},"24":{"start":{"line":88,"column":6},"end":{"line":88,"column":56}},"25":{"start":{"line":90,"column":6},"end":{"line":90,"column":56}},"26":{"start":{"line":94,"column":16},"end":{"line":124,"column":3}},"27":{"start":{"line":95,"column":4},"end":{"line":95,"column":40}},"28":{"start":{"line":97,"column":4},"end":{"line":123,"column":5}},"29":{"start":{"line":99,"column":6},"end":{"line":101,"column":7}},"30":{"start":{"line":100,"column":8},"end":{"line":100,"column":62}},"31":{"start":{"line":103,"column":6},"end":{"line":105,"column":7}},"32":{"start":{"line":104,"column":8},"end":{"line":104,"column":66}},"33":{"start":{"line":108,"column":6},"end":{"line":108,"column":62}},"34":{"start":{"line":108,"column":35},"end":{"line":108,"column":60}},"35":{"start":{"line":110,"column":19},"end":{"line":110,"column":84}},"36":{"start":{"line":110,"column":39},"end":{"line":110,"column":83}},"37":{"start":{"line":112,"column":6},"end":{"line":114,"column":7}},"38":{"start":{"line":113,"column":8},"end":{"line":113,"column":53}},"39":{"start":{"line":116,"column":29},"end":{"line":116,"column":67}},"40":{"start":{"line":117,"column":6},"end":{"line":117,"column":31}},"41":{"start":{"line":118,"column":6},"end":{"line":118,"column":61}},"42":{"start":{"line":120,"column":27},"end":{"line":120,"column":82}},"43":{"start":{"line":121,"column":6},"end":{"line":121,"column":65}},"44":{"start":{"line":122,"column":6},"end":{"line":122,"column":18}},"45":{"start":{"line":126,"column":17},"end":{"line":164,"column":3}},"46":{"start":{"line":127,"column":4},"end":{"line":127,"column":41}},"47":{"start":{"line":129,"column":4},"end":{"line":163,"column":5}},"48":{"start":{"line":131,"column":6},"end":{"line":133,"column":7}},"49":{"start":{"line":132,"column":8},"end":{"line":132,"column":62}},"50":{"start":{"line":135,"column":6},"end":{"line":137,"column":7}},"51":{"start":{"line":136,"column":8},"end":{"line":136,"column":62}},"52":{"start":{"line":139,"column":6},"end":{"line":141,"column":7}},"53":{"start":{"line":140,"column":8},"end":{"line":140,"column":66}},"54":{"start":{"line":144,"column":6},"end":{"line":144,"column":62}},"55":{"start":{"line":144,"column":35},"end":{"line":144,"column":60}},"56":{"start":{"line":147,"column":27},"end":{"line":147,"column":65}},"57":{"start":{"line":147,"column":47},"end":{"line":147,"column":64}},"58":{"start":{"line":148,"column":6},"end":{"line":150,"column":7}},"59":{"start":{"line":149,"column":8},"end":{"line":149,"column":63}},"60":{"start":{"line":153,"column":22},"end":{"line":153,"column":47}},"61":{"start":{"line":154,"column":6},"end":{"line":154,"column":30}},"62":{"start":{"line":156,"column":29},"end":{"line":156,"column":44}},"63":{"start":{"line":157,"column":6},"end":{"line":157,"column":31}},"64":{"start":{"line":158,"column":6},"end":{"line":158,"column":62}},"65":{"start":{"line":160,"column":27},"end":{"line":160,"column":83}},"66":{"start":{"line":161,"column":6},"end":{"line":161,"column":66}},"67":{"start":{"line":162,"column":6},"end":{"line":162,"column":18}},"68":{"start":{"line":166,"column":17},"end":{"line":173,"column":3}},"69":{"start":{"line":167,"column":4},"end":{"line":172,"column":5}},"70":{"start":{"line":168,"column":6},"end":{"line":168,"column":24}},"71":{"start":{"line":169,"column":6},"end":{"line":169,"column":35}},"72":{"start":{"line":171,"column":6},"end":{"line":171,"column":35}},"73":{"start":{"line":175,"column":21},"end":{"line":177,"column":3}},"74":{"start":{"line":176,"column":4},"end":{"line":176,"column":38}},"75":{"start":{"line":179,"column":2},"end":{"line":183,"column":4}}},"fnMap":{"0":{"name":"(anonymous_0)","decl":{"start":{"line":34,"column":27},"end":{"line":34,"column":28}},"loc":{"start":{"line":34,"column":80},"end":{"line":54,"column":1}},"line":34},"1":{"name":"(anonymous_1)","decl":{"start":{"line":66,"column":23},"end":{"line":66,"column":24}},"loc":{"start":{"line":66,"column":29},"end":{"line":72,"column":1}},"line":66},"2":{"name":"(anonymous_2)","decl":{"start":{"line":78,"column":57},"end":{"line":78,"column":58}},"loc":{"start":{"line":78,"column":75},"end":{"line":184,"column":1}},"line":78},"3":{"name":"(anonymous_3)","decl":{"start":{"line":81,"column":12},"end":{"line":81,"column":13}},"loc":{"start":{"line":81,"column":18},"end":{"line":83,"column":3}},"line":81},"4":{"name":"(anonymous_4)","decl":{"start":{"line":85,"column":22},"end":{"line":85,"column":23}},"loc":{"start":{"line":85,"column":34},"end":{"line":92,"column":3}},"line":85},"5":{"name":"(anonymous_5)","decl":{"start":{"line":94,"column":16},"end":{"line":94,"column":17}},"loc":{"start":{"line":94,"column":74},"end":{"line":124,"column":3}},"line":94},"6":{"name":"(anonymous_6)","decl":{"start":{"line":108,"column":24},"end":{"line":108,"column":25}},"loc":{"start":{"line":108,"column":35},"end":{"line":108,"column":60}},"line":108},"7":{"name":"(anonymous_7)","decl":{"start":{"line":110,"column":34},"end":{"line":110,"column":35}},"loc":{"start":{"line":110,"column":39},"end":{"line":110,"column":83}},"line":110},"8":{"name":"(anonymous_8)","decl":{"start":{"line":126,"column":17},"end":{"line":126,"column":18}},"loc":{"start":{"line":126,"column":89},"end":{"line":164,"column":3}},"line":126},"9":{"name":"(anonymous_9)","decl":{"start":{"line":144,"column":24},"end":{"line":144,"column":25}},"loc":{"start":{"line":144,"column":35},"end":{"line":144,"column":60}},"line":144},"10":{"name":"(anonymous_10)","decl":{"start":{"line":147,"column":42},"end":{"line":147,"column":43}},"loc":{"start":{"line":147,"column":47},"end":{"line":147,"column":64}},"line":147},"11":{"name":"(anonymous_11)","decl":{"start":{"line":166,"column":17},"end":{"line":166,"column":18}},"loc":{"start":{"line":166,"column":44},"end":{"line":173,"column":3}},"line":166},"12":{"name":"(anonymous_12)","decl":{"start":{"line":175,"column":21},"end":{"line":175,"column":22}},"loc":{"start":{"line":175,"column":27},"end":{"line":177,"column":3}},"line":175}},"branchMap":{"0":{"loc":{"start":{"line":35,"column":2},"end":{"line":53,"column":3}},"type":"switch","locations":[{"start":{"line":36,"column":4},"end":{"line":36,"column":25}},{"start":{"line":37,"column":4},"end":{"line":38,"column":54}},{"start":{"line":39,"column":4},"end":{"line":39,"column":25}},{"start":{"line":40,"column":4},"end":{"line":41,"column":77}},{"start":{"line":42,"column":4},"end":{"line":42,"column":25}},{"start":{"line":43,"column":4},"end":{"line":44,"column":65}},{"start":{"line":45,"column":4},"end":{"line":46,"column":67}},{"start":{"line":47,"column":4},"end":{"line":48,"column":77}},{"start":{"line":49,"column":4},"end":{"line":50,"column":39}},{"start":{"line":51,"column":4},"end":{"line":52,"column":19}}],"line":35},"1":{"loc":{"start":{"line":68,"column":2},"end":{"line":70,"column":3}},"type":"if","locations":[{"start":{"line":68,"column":2},"end":{"line":70,"column":3}},{"start":{},"end":{}}],"line":68},"2":{"loc":{"start":{"line":99,"column":6},"end":{"line":101,"column":7}},"type":"if","locations":[{"start":{"line":99,"column":6},"end":{"line":101,"column":7}},{"start":{},"end":{}}],"line":99},"3":{"loc":{"start":{"line":103,"column":6},"end":{"line":105,"column":7}},"type":"if","locations":[{"start":{"line":103,"column":6},"end":{"line":105,"column":7}},{"start":{},"end":{}}],"line":103},"4":{"loc":{"start":{"line":110,"column":39},"end":{"line":110,"column":83}},"type":"binary-expr","locations":[{"start":{"line":110,"column":39},"end":{"line":110,"column":56}},{"start":{"line":110,"column":60},"end":{"line":110,"column":83}}],"line":110},"5":{"loc":{"start":{"line":112,"column":6},"end":{"line":114,"column":7}},"type":"if","locations":[{"start":{"line":112,"column":6},"end":{"line":114,"column":7}},{"start":{},"end":{}}],"line":112},"6":{"loc":{"start":{"line":120,"column":27},"end":{"line":120,"column":82}},"type":"cond-expr","locations":[{"start":{"line":120,"column":52},"end":{"line":120,"column":65}},{"start":{"line":120,"column":68},"end":{"line":120,"column":82}}],"line":120},"7":{"loc":{"start":{"line":131,"column":6},"end":{"line":133,"column":7}},"type":"if","locations":[{"start":{"line":131,"column":6},"end":{"line":133,"column":7}},{"start":{},"end":{}}],"line":131},"8":{"loc":{"start":{"line":135,"column":6},"end":{"line":137,"column":7}},"type":"if","locations":[{"start":{"line":135,"column":6},"end":{"line":137,"column":7}},{"start":{},"end":{}}],"line":135},"9":{"loc":{"start":{"line":139,"column":6},"end":{"line":141,"column":7}},"type":"if","locations":[{"start":{"line":139,"column":6},"end":{"line":141,"column":7}},{"start":{},"end":{}}],"line":139},"10":{"loc":{"start":{"line":148,"column":6},"end":{"line":150,"column":7}},"type":"if","locations":[{"start":{"line":148,"column":6},"end":{"line":150,"column":7}},{"start":{},"end":{}}],"line":148},"11":{"loc":{"start":{"line":160,"column":27},"end":{"line":160,"column":83}},"type":"cond-expr","locations":[{"start":{"line":160,"column":52},"end":{"line":160,"column":65}},{"start":{"line":160,"column":68},"end":{"line":160,"column":83}}],"line":160}},"s":{"0":1,"1":1,"2":1,"3":30,"4":7,"5":2,"6":5,"7":2,"8":13,"9":1,"10":0,"11":1,"12":1,"13":39,"14":39,"15":2,"16":37,"17":1,"18":37,"19":37,"20":14,"21":37,"22":14,"23":14,"24":13,"25":1,"26":37,"27":5,"28":5,"29":5,"30":1,"31":4,"32":1,"33":3,"34":3,"35":3,"36":7,"37":3,"38":2,"39":1,"40":1,"41":1,"42":4,"43":4,"44":4,"45":37,"46":3,"47":3,"48":3,"49":1,"50":2,"51":0,"52":2,"53":0,"54":2,"55":2,"56":2,"57":4,"58":2,"59":1,"60":1,"61":1,"62":1,"63":1,"64":1,"65":2,"66":2,"67":2,"68":37,"69":2,"70":2,"71":1,"72":1,"73":37,"74":1,"75":37},"f":{"0":30,"1":39,"2":37,"3":14,"4":14,"5":5,"6":3,"7":7,"8":3,"9":2,"10":4,"11":2,"12":1},"b":{"0":[4,7,1,2,3,5,2,13,1,0],"1":[2,37],"2":[1,4],"3":[1,3],"4":[7,1],"5":[2,1],"6":[4,0],"7":[1,2],"8":[0,2],"9":[0,2],"10":[1,1],"11":[2,0]},"_coverageSchema":"1a1c01bbd47fc00a2c39e90264f33305004495a9","hash":"8fc42ce60959f703a301d5e1e735e21c924d97f7"}
,"/Users/rukmoni/wiremock/MobileDev/Assesment/AuthContext/src/hooks/useFormValidation.ts": {"path":"/Users/rukmoni/wiremock/MobileDev/Assesment/AuthContext/src/hooks/useFormValidation.ts","statementMap":{"0":{"start":{"line":17,"column":33},"end":{"line":148,"column":1}},"1":{"start":{"line":18,"column":30},"end":{"line":18,"column":59}},"2":{"start":{"line":19,"column":32},"end":{"line":19,"column":72}},"3":{"start":{"line":20,"column":32},"end":{"line":20,"column":47}},"4":{"start":{"line":22,"column":30},"end":{"line":22,"column":75}},"5":{"start":{"line":27,"column":24},"end":{"line":56,"column":3}},"6":{"start":{"line":29,"column":6},"end":{"line":31,"column":7}},"7":{"start":{"line":30,"column":8},"end":{"line":30,"column":61}},"8":{"start":{"line":33,"column":24},"end":{"line":51,"column":20}},"9":{"start":{"line":34,"column":8},"end":{"line":49,"column":9}},"10":{"start":{"line":35,"column":30},"end":{"line":35,"column":92}},"11":{"start":{"line":36,"column":10},"end":{"line":38,"column":11}},"12":{"start":{"line":37,"column":12},"end":{"line":37,"column":82}},"13":{"start":{"line":39,"column":10},"end":{"line":39,"column":35}},"14":{"start":{"line":40,"column":10},"end":{"line":40,"column":62}},"15":{"start":{"line":40,"column":29},"end":{"line":40,"column":59}},"16":{"start":{"line":42,"column":10},"end":{"line":48,"column":11}},"17":{"start":{"line":43,"column":32},"end":{"line":43,"column":68}},"18":{"start":{"line":43,"column":56},"end":{"line":43,"column":67}},"19":{"start":{"line":44,"column":12},"end":{"line":47,"column":16}},"20":{"start":{"line":44,"column":31},"end":{"line":47,"column":13}},"21":{"start":{"line":50,"column":8},"end":{"line":50,"column":54}},"22":{"start":{"line":53,"column":6},"end":{"line":53,"column":57}},"23":{"start":{"line":61,"column":23},"end":{"line":88,"column":3}},"24":{"start":{"line":63,"column":6},"end":{"line":85,"column":7}},"25":{"start":{"line":64,"column":8},"end":{"line":64,"column":31}},"26":{"start":{"line":65,"column":8},"end":{"line":65,"column":22}},"27":{"start":{"line":66,"column":8},"end":{"line":66,"column":20}},"28":{"start":{"line":68,"column":8},"end":{"line":83,"column":9}},"29":{"start":{"line":69,"column":45},"end":{"line":69,"column":47}},"30":{"start":{"line":70,"column":10},"end":{"line":79,"column":13}},"31":{"start":{"line":71,"column":12},"end":{"line":78,"column":13}},"32":{"start":{"line":72,"column":32},"end":{"line":72,"column":55}},"33":{"start":{"line":73,"column":14},"end":{"line":77,"column":15}},"34":{"start":{"line":74,"column":16},"end":{"line":74,"column":53}},"35":{"start":{"line":76,"column":16},"end":{"line":76,"column":61}},"36":{"start":{"line":80,"column":10},"end":{"line":80,"column":31}},"37":{"start":{"line":82,"column":10},"end":{"line":82,"column":54}},"38":{"start":{"line":84,"column":8},"end":{"line":84,"column":21}},"39":{"start":{"line":93,"column":21},"end":{"line":99,"column":3}},"40":{"start":{"line":95,"column":6},"end":{"line":95,"column":59}},"41":{"start":{"line":95,"column":26},"end":{"line":95,"column":56}},"42":{"start":{"line":96,"column":6},"end":{"line":96,"column":52}},"43":{"start":{"line":104,"column":2},"end":{"line":113,"column":32}},"44":{"start":{"line":105,"column":22},"end":{"line":105,"column":69}},"45":{"start":{"line":105,"column":56},"end":{"line":105,"column":68}},"46":{"start":{"line":108,"column":23},"end":{"line":110,"column":13}},"47":{"start":{"line":109,"column":49},"end":{"line":109,"column":63}},"48":{"start":{"line":112,"column":4},"end":{"line":112,"column":41}},"49":{"start":{"line":118,"column":21},"end":{"line":120,"column":8}},"50":{"start":{"line":119,"column":4},"end":{"line":119,"column":56}},"51":{"start":{"line":119,"column":23},"end":{"line":119,"column":53}},"52":{"start":{"line":125,"column":16},"end":{"line":131,"column":8}},"53":{"start":{"line":126,"column":4},"end":{"line":126,"column":89}},"54":{"start":{"line":126,"column":66},"end":{"line":126,"column":87}},"55":{"start":{"line":127,"column":4},"end":{"line":127,"column":37}},"56":{"start":{"line":128,"column":4},"end":{"line":128,"column":18}},"57":{"start":{"line":129,"column":4},"end":{"line":129,"column":19}},"58":{"start":{"line":130,"column":4},"end":{"line":130,"column":22}},"59":{"start":{"line":133,"column":2},"end":{"line":137,"column":9}},"60":{"start":{"line":134,"column":4},"end":{"line":136,"column":6}},"61":{"start":{"line":135,"column":6},"end":{"line":135,"column":91}},"62":{"start":{"line":135,"column":68},"end":{"line":135,"column":89}},"63":{"start":{"line":139,"column":2},"end":{"line":147,"column":4}}},"fnMap":{"0":{"name":"(anonymous_0)","decl":{"start":{"line":17,"column":33},"end":{"line":17,"column":34}},"loc":{"start":{"line":17,"column":91},"end":{"line":148,"column":1}},"line":17},"1":{"name":"(anonymous_1)","decl":{"start":{"line":28,"column":4},"end":{"line":28,"column":5}},"loc":{"start":{"line":28,"column":67},"end":{"line":54,"column":5}},"line":28},"2":{"name":"(anonymous_2)","decl":{"start":{"line":33,"column":35},"end":{"line":33,"column":36}},"loc":{"start":{"line":33,"column":41},"end":{"line":51,"column":7}},"line":33},"3":{"name":"(anonymous_3)","decl":{"start":{"line":40,"column":20},"end":{"line":40,"column":21}},"loc":{"start":{"line":40,"column":29},"end":{"line":40,"column":59}},"line":40},"4":{"name":"(anonymous_4)","decl":{"start":{"line":43,"column":49},"end":{"line":43,"column":50}},"loc":{"start":{"line":43,"column":56},"end":{"line":43,"column":67}},"line":43},"5":{"name":"(anonymous_5)","decl":{"start":{"line":44,"column":22},"end":{"line":44,"column":23}},"loc":{"start":{"line":44,"column":31},"end":{"line":47,"column":13}},"line":44},"6":{"name":"(anonymous_6)","decl":{"start":{"line":62,"column":4},"end":{"line":62,"column":5}},"loc":{"start":{"line":62,"column":29},"end":{"line":86,"column":5}},"line":62},"7":{"name":"(anonymous_7)","decl":{"start":{"line":70,"column":31},"end":{"line":70,"column":32}},"loc":{"start":{"line":70,"column":40},"end":{"line":79,"column":11}},"line":70},"8":{"name":"(anonymous_8)","decl":{"start":{"line":94,"column":4},"end":{"line":94,"column":5}},"loc":{"start":{"line":94,"column":67},"end":{"line":97,"column":5}},"line":94},"9":{"name":"(anonymous_9)","decl":{"start":{"line":95,"column":17},"end":{"line":95,"column":18}},"loc":{"start":{"line":95,"column":26},"end":{"line":95,"column":56}},"line":95},"10":{"name":"(anonymous_10)","decl":{"start":{"line":104,"column":12},"end":{"line":104,"column":13}},"loc":{"start":{"line":104,"column":18},"end":{"line":113,"column":3}},"line":104},"11":{"name":"(anonymous_11)","decl":{"start":{"line":105,"column":49},"end":{"line":105,"column":50}},"loc":{"start":{"line":105,"column":56},"end":{"line":105,"column":68}},"line":105},"12":{"name":"(anonymous_12)","decl":{"start":{"line":109,"column":40},"end":{"line":109,"column":41}},"loc":{"start":{"line":109,"column":49},"end":{"line":109,"column":63}},"line":109},"13":{"name":"(anonymous_13)","decl":{"start":{"line":118,"column":33},"end":{"line":118,"column":34}},"loc":{"start":{"line":118,"column":56},"end":{"line":120,"column":3}},"line":118},"14":{"name":"(anonymous_14)","decl":{"start":{"line":119,"column":14},"end":{"line":119,"column":15}},"loc":{"start":{"line":119,"column":23},"end":{"line":119,"column":53}},"line":119},"15":{"name":"(anonymous_15)","decl":{"start":{"line":125,"column":28},"end":{"line":125,"column":29}},"loc":{"start":{"line":125,"column":34},"end":{"line":131,"column":3}},"line":125},"16":{"name":"(anonymous_16)","decl":{"start":{"line":126,"column":55},"end":{"line":126,"column":56}},"loc":{"start":{"line":126,"column":66},"end":{"line":126,"column":87}},"line":126},"17":{"name":"(anonymous_17)","decl":{"start":{"line":133,"column":12},"end":{"line":133,"column":13}},"loc":{"start":{"line":133,"column":18},"end":{"line":137,"column":3}},"line":133},"18":{"name":"(anonymous_18)","decl":{"start":{"line":134,"column":11},"end":{"line":134,"column":12}},"loc":{"start":{"line":134,"column":17},"end":{"line":136,"column":5}},"line":134},"19":{"name":"(anonymous_19)","decl":{"start":{"line":135,"column":57},"end":{"line":135,"column":58}},"loc":{"start":{"line":135,"column":68},"end":{"line":135,"column":89}},"line":135}},"branchMap":{"0":{"loc":{"start":{"line":17,"column":44},"end":{"line":17,"column":60}},"type":"default-arg","locations":[{"start":{"line":17,"column":57},"end":{"line":17,"column":60}}],"line":17},"1":{"loc":{"start":{"line":29,"column":6},"end":{"line":31,"column":7}},"type":"if","locations":[{"start":{"line":29,"column":6},"end":{"line":31,"column":7}},{"start":{},"end":{}}],"line":29},"2":{"loc":{"start":{"line":35,"column":30},"end":{"line":35,"column":92}},"type":"cond-expr","locations":[{"start":{"line":35,"column":62},"end":{"line":35,"column":85}},{"start":{"line":35,"column":88},"end":{"line":35,"column":92}}],"line":35},"3":{"loc":{"start":{"line":36,"column":10},"end":{"line":38,"column":11}},"type":"if","locations":[{"start":{"line":36,"column":10},"end":{"line":38,"column":11}},{"start":{},"end":{}}],"line":36},"4":{"loc":{"start":{"line":42,"column":10},"end":{"line":48,"column":11}},"type":"if","locations":[{"start":{"line":42,"column":10},"end":{"line":48,"column":11}},{"start":{},"end":{}}],"line":42},"5":{"loc":{"start":{"line":68,"column":8},"end":{"line":83,"column":9}},"type":"if","locations":[{"start":{"line":68,"column":8},"end":{"line":83,"column":9}},{"start":{"line":81,"column":15},"end":{"line":83,"column":9}}],"line":68},"6":{"loc":{"start":{"line":71,"column":12},"end":{"line":78,"column":13}},"type":"if","locations":[{"start":{"line":71,"column":12},"end":{"line":78,"column":13}},{"start":{},"end":{}}],"line":71},"7":{"loc":{"start":{"line":73,"column":14},"end":{"line":77,"column":15}},"type":"if","locations":[{"start":{"line":73,"column":14},"end":{"line":77,"column":15}},{"start":{"line":75,"column":21},"end":{"line":77,"column":15}}],"line":73},"8":{"loc":{"start":{"line":108,"column":23},"end":{"line":110,"column":13}},"type":"cond-expr","locations":[{"start":{"line":109,"column":8},"end":{"line":109,"column":64}},{"start":{"line":110,"column":8},"end":{"line":110,"column":13}}],"line":108},"9":{"loc":{"start":{"line":112,"column":15},"end":{"line":112,"column":39}},"type":"binary-expr","locations":[{"start":{"line":112,"column":15},"end":{"line":112,"column":25}},{"start":{"line":112,"column":29},"end":{"line":112,"column":39}}],"line":112}},"s":{"0":0,"1":0,"2":0,"3":0,"4":0,"5":0,"6":0,"7":0,"8":0,"9":0,"10":0,"11":0,"12":0,"13":0,"14":0,"15":0,"16":0,"17":0,"18":0,"19":0,"20":0,"21":0,"22":0,"23":0,"24":0,"25":0,"26":0,"27":0,"28":0,"29":0,"30":0,"31":0,"32":0,"33":0,"34":0,"35":0,"36":0,"37":0,"38":0,"39":0,"40":0,"41":0,"42":0,"43":0,"44":0,"45":0,"46":0,"47":0,"48":0,"49":0,"50":0,"51":0,"52":0,"53":0,"54":0,"55":0,"56":0,"57":0,"58":0,"59":0,"60":0,"61":0,"62":0,"63":0},"f":{"0":0,"1":0,"2":0,"3":0,"4":0,"5":0,"6":0,"7":0,"8":0,"9":0,"10":0,"11":0,"12":0,"13":0,"14":0,"15":0,"16":0,"17":0,"18":0,"19":0},"b":{"0":[0],"1":[0,0],"2":[0,0],"3":[0,0],"4":[0,0],"5":[0,0],"6":[0,0],"7":[0,0],"8":[0,0],"9":[0,0]}}
,"/Users/rukmoni/wiremock/MobileDev/Assesment/AuthContext/src/navigation/AppNavigator.tsx": {"path":"/Users/rukmoni/wiremock/MobileDev/Assesment/AuthContext/src/navigation/AppNavigator.tsx","statementMap":{"0":{"start":{"line":8,"column":20},"end":{"line":8,"column":29}},"1":{"start":{"line":10,"column":2},"end":{"line":14,"column":4}}},"fnMap":{"0":{"name":"AppNavigator","decl":{"start":{"line":7,"column":24},"end":{"line":7,"column":36}},"loc":{"start":{"line":7,"column":39},"end":{"line":15,"column":1}},"line":7}},"branchMap":{"0":{"loc":{"start":{"line":12,"column":7},"end":{"line":12,"column":47}},"type":"cond-expr","locations":[{"start":{"line":12,"column":20},"end":{"line":12,"column":31}},{"start":{"line":12,"column":34},"end":{"line":12,"column":47}}],"line":12}},"s":{"0":0,"1":0},"f":{"0":0},"b":{"0":[0,0]}}
,"/Users/rukmoni/wiremock/MobileDev/Assesment/AuthContext/src/navigation/AppTabs.tsx": {"path":"/Users/rukmoni/wiremock/MobileDev/Assesment/AuthContext/src/navigation/AppTabs.tsx","statementMap":{"0":{"start":{"line":14,"column":12},"end":{"line":14,"column":55}},"1":{"start":{"line":17,"column":2},"end":{"line":34,"column":4}},"2":{"start":{"line":19,"column":37},"end":{"line":28,"column":7}},"3":{"start":{"line":22,"column":10},"end":{"line":22,"column":79}},"4":{"start":{"line":22,"column":37},"end":{"line":22,"column":79}},"5":{"start":{"line":23,"column":10},"end":{"line":23,"column":82}},"6":{"start":{"line":23,"column":40},"end":{"line":23,"column":82}},"7":{"start":{"line":24,"column":10},"end":{"line":24,"column":87}},"8":{"start":{"line":24,"column":41},"end":{"line":24,"column":87}}},"fnMap":{"0":{"name":"AppTabs","decl":{"start":{"line":16,"column":24},"end":{"line":16,"column":31}},"loc":{"start":{"line":16,"column":34},"end":{"line":35,"column":1}},"line":16},"1":{"name":"(anonymous_1)","decl":{"start":{"line":19,"column":21},"end":{"line":19,"column":22}},"loc":{"start":{"line":19,"column":37},"end":{"line":28,"column":7}},"line":19},"2":{"name":"(anonymous_2)","decl":{"start":{"line":21,"column":20},"end":{"line":21,"column":21}},"loc":{"start":{"line":21,"column":41},"end":{"line":25,"column":9}},"line":21}},"branchMap":{"0":{"loc":{"start":{"line":22,"column":10},"end":{"line":22,"column":79}},"type":"if","locations":[{"start":{"line":22,"column":10},"end":{"line":22,"column":79}},{"start":{},"end":{}}],"line":22},"1":{"loc":{"start":{"line":23,"column":10},"end":{"line":23,"column":82}},"type":"if","locations":[{"start":{"line":23,"column":10},"end":{"line":23,"column":82}},{"start":{},"end":{}}],"line":23},"2":{"loc":{"start":{"line":24,"column":10},"end":{"line":24,"column":87}},"type":"if","locations":[{"start":{"line":24,"column":10},"end":{"line":24,"column":87}},{"start":{},"end":{}}],"line":24}},"s":{"0":0,"1":0,"2":0,"3":0,"4":0,"5":0,"6":0,"7":0,"8":0},"f":{"0":0,"1":0,"2":0},"b":{"0":[0,0],"1":[0,0],"2":[0,0]}}
,"/Users/rukmoni/wiremock/MobileDev/Assesment/AuthContext/src/navigation/AuthStack.tsx": {"path":"/Users/rukmoni/wiremock/MobileDev/Assesment/AuthContext/src/navigation/AuthStack.tsx","statementMap":{"0":{"start":{"line":11,"column":14},"end":{"line":11,"column":62}},"1":{"start":{"line":14,"column":2},"end":{"line":19,"column":4}}},"fnMap":{"0":{"name":"AuthStack","decl":{"start":{"line":13,"column":24},"end":{"line":13,"column":33}},"loc":{"start":{"line":13,"column":36},"end":{"line":20,"column":1}},"line":13}},"branchMap":{},"s":{"0":0,"1":0},"f":{"0":0},"b":{}}
,"/Users/rukmoni/wiremock/MobileDev/Assesment/AuthContext/src/schemas/authSchemas.ts": {"path":"/Users/rukmoni/wiremock/MobileDev/Assesment/AuthContext/src/schemas/authSchemas.ts","statementMap":{"0":{"start":{"line":3,"column":27},"end":{"line":12,"column":2}},"1":{"start":{"line":14,"column":28},"end":{"line":29,"column":2}}},"fnMap":{},"branchMap":{},"s":{"0":0,"1":0},"f":{},"b":{}}
,"/Users/rukmoni/wiremock/MobileDev/Assesment/AuthContext/src/screens/HomeScreen.tsx": {"path":"/Users/rukmoni/wiremock/MobileDev/Assesment/AuthContext/src/screens/HomeScreen.tsx","statementMap":{"0":{"start":{"line":20,"column":21},"end":{"line":20,"column":49}},"1":{"start":{"line":21,"column":28},"end":{"line":21,"column":37}},"2":{"start":{"line":22,"column":38},"end":{"line":22,"column":53}},"3":{"start":{"line":24,"column":16},"end":{"line":24,"column":51}},"4":{"start":{"line":26,"column":23},"end":{"line":35,"column":3}},"5":{"start":{"line":27,"column":4},"end":{"line":34,"column":6}},"6":{"start":{"line":37,"column":2},"end":{"line":92,"column":4}},"7":{"start":{"line":74,"column":35},"end":{"line":74,"column":61}},"8":{"start":{"line":95,"column":15},"end":{"line":133,"column":2}}},"fnMap":{"0":{"name":"HomeScreen","decl":{"start":{"line":19,"column":24},"end":{"line":19,"column":34}},"loc":{"start":{"line":19,"column":37},"end":{"line":93,"column":1}},"line":19},"1":{"name":"(anonymous_1)","decl":{"start":{"line":26,"column":23},"end":{"line":26,"column":24}},"loc":{"start":{"line":26,"column":29},"end":{"line":35,"column":3}},"line":26},"2":{"name":"(anonymous_2)","decl":{"start":{"line":74,"column":29},"end":{"line":74,"column":30}},"loc":{"start":{"line":74,"column":35},"end":{"line":74,"column":61}},"line":74}},"branchMap":{"0":{"loc":{"start":{"line":24,"column":16},"end":{"line":24,"column":51}},"type":"cond-expr","locations":[{"start":{"line":24,"column":29},"end":{"line":24,"column":38}},{"start":{"line":24,"column":41},"end":{"line":24,"column":51}}],"line":24},"1":{"loc":{"start":{"line":76,"column":26},"end":{"line":76,"column":81}},"type":"cond-expr","locations":[{"start":{"line":76,"column":39},"end":{"line":76,"column":58}},{"start":{"line":76,"column":61},"end":{"line":76,"column":81}}],"line":76}},"s":{"0":0,"1":0,"2":0,"3":0,"4":0,"5":0,"6":0,"7":0,"8":0},"f":{"0":0,"1":0,"2":0},"b":{"0":[0,0],"1":[0,0]}}
,"/Users/rukmoni/wiremock/MobileDev/Assesment/AuthContext/src/screens/LoginScreen.tsx": {"path":"/Users/rukmoni/wiremock/MobileDev/Assesment/AuthContext/src/screens/LoginScreen.tsx","statementMap":{"0":{"start":{"line":22,"column":28},"end":{"line":22,"column":40}},"1":{"start":{"line":23,"column":34},"end":{"line":23,"column":46}},"2":{"start":{"line":24,"column":42},"end":{"line":24,"column":57}},"3":{"start":{"line":25,"column":39},"end":{"line":25,"column":48}},"4":{"start":{"line":35,"column":6},"end":{"line":35,"column":48}},"5":{"start":{"line":38,"column":2},"end":{"line":42,"column":9}},"6":{"start":{"line":39,"column":4},"end":{"line":41,"column":5}},"7":{"start":{"line":40,"column":6},"end":{"line":40,"column":19}},"8":{"start":{"line":45,"column":2},"end":{"line":49,"column":14}},"9":{"start":{"line":46,"column":4},"end":{"line":48,"column":5}},"10":{"start":{"line":47,"column":6},"end":{"line":47,"column":31}},"11":{"start":{"line":51,"column":2},"end":{"line":55,"column":17}},"12":{"start":{"line":52,"column":4},"end":{"line":54,"column":5}},"13":{"start":{"line":53,"column":6},"end":{"line":53,"column":34}},"14":{"start":{"line":58,"column":2},"end":{"line":60,"column":14}},"15":{"start":{"line":59,"column":4},"end":{"line":59,"column":25}},"16":{"start":{"line":59,"column":17},"end":{"line":59,"column":24}},"17":{"start":{"line":62,"column":22},"end":{"line":76,"column":3}},"18":{"start":{"line":63,"column":36},"end":{"line":63,"column":69}},"19":{"start":{"line":65,"column":4},"end":{"line":67,"column":5}},"20":{"start":{"line":66,"column":6},"end":{"line":66,"column":13}},"21":{"start":{"line":69,"column":4},"end":{"line":75,"column":5}},"22":{"start":{"line":70,"column":6},"end":{"line":70,"column":53}},"23":{"start":{"line":74,"column":6},"end":{"line":74,"column":52}},"24":{"start":{"line":78,"column":35},"end":{"line":80,"column":20}},"25":{"start":{"line":79,"column":4},"end":{"line":79,"column":35}},"26":{"start":{"line":82,"column":24},"end":{"line":88,"column":3}},"27":{"start":{"line":83,"column":27},"end":{"line":86,"column":5}},"28":{"start":{"line":90,"column":32},"end":{"line":96,"column":3}},"29":{"start":{"line":91,"column":27},"end":{"line":94,"column":5}},"30":{"start":{"line":98,"column":2},"end":{"line":202,"column":4}},"31":{"start":{"line":123,"column":20},"end":{"line":126,"column":22}},"32":{"start":{"line":148,"column":22},"end":{"line":151,"column":24}},"33":{"start":{"line":205,"column":15},"end":{"line":347,"column":2}}},"fnMap":{"0":{"name":"LoginScreen","decl":{"start":{"line":21,"column":24},"end":{"line":21,"column":35}},"loc":{"start":{"line":21,"column":38},"end":{"line":203,"column":1}},"line":21},"1":{"name":"(anonymous_1)","decl":{"start":{"line":38,"column":12},"end":{"line":38,"column":13}},"loc":{"start":{"line":38,"column":18},"end":{"line":42,"column":3}},"line":38},"2":{"name":"(anonymous_2)","decl":{"start":{"line":45,"column":12},"end":{"line":45,"column":13}},"loc":{"start":{"line":45,"column":18},"end":{"line":49,"column":3}},"line":45},"3":{"name":"(anonymous_3)","decl":{"start":{"line":51,"column":12},"end":{"line":51,"column":13}},"loc":{"start":{"line":51,"column":18},"end":{"line":55,"column":3}},"line":51},"4":{"name":"(anonymous_4)","decl":{"start":{"line":58,"column":12},"end":{"line":58,"column":13}},"loc":{"start":{"line":58,"column":18},"end":{"line":60,"column":3}},"line":58},"5":{"name":"(anonymous_5)","decl":{"start":{"line":59,"column":11},"end":{"line":59,"column":12}},"loc":{"start":{"line":59,"column":17},"end":{"line":59,"column":24}},"line":59},"6":{"name":"(anonymous_6)","decl":{"start":{"line":62,"column":22},"end":{"line":62,"column":23}},"loc":{"start":{"line":62,"column":34},"end":{"line":76,"column":3}},"line":62},"7":{"name":"(anonymous_7)","decl":{"start":{"line":78,"column":47},"end":{"line":78,"column":48}},"loc":{"start":{"line":78,"column":53},"end":{"line":80,"column":3}},"line":78},"8":{"name":"(anonymous_8)","decl":{"start":{"line":83,"column":4},"end":{"line":83,"column":5}},"loc":{"start":{"line":83,"column":27},"end":{"line":86,"column":5}},"line":83},"9":{"name":"(anonymous_9)","decl":{"start":{"line":91,"column":4},"end":{"line":91,"column":5}},"loc":{"start":{"line":91,"column":27},"end":{"line":94,"column":5}},"line":91},"10":{"name":"(anonymous_10)","decl":{"start":{"line":122,"column":26},"end":{"line":122,"column":27}},"loc":{"start":{"line":123,"column":20},"end":{"line":126,"column":22}},"line":123},"11":{"name":"(anonymous_11)","decl":{"start":{"line":147,"column":28},"end":{"line":147,"column":29}},"loc":{"start":{"line":148,"column":22},"end":{"line":151,"column":24}},"line":148}},"branchMap":{"0":{"loc":{"start":{"line":39,"column":4},"end":{"line":41,"column":5}},"type":"if","locations":[{"start":{"line":39,"column":4},"end":{"line":41,"column":5}},{"start":{},"end":{}}],"line":39},"1":{"loc":{"start":{"line":46,"column":4},"end":{"line":48,"column":5}},"type":"if","locations":[{"start":{"line":46,"column":4},"end":{"line":48,"column":5}},{"start":{},"end":{}}],"line":46},"2":{"loc":{"start":{"line":46,"column":8},"end":{"line":46,"column":29}},"type":"binary-expr","locations":[{"start":{"line":46,"column":8},"end":{"line":46,"column":13}},{"start":{"line":46,"column":17},"end":{"line":46,"column":29}}],"line":46},"3":{"loc":{"start":{"line":52,"column":4},"end":{"line":54,"column":5}},"type":"if","locations":[{"start":{"line":52,"column":4},"end":{"line":54,"column":5}},{"start":{},"end":{}}],"line":52},"4":{"loc":{"start":{"line":52,"column":8},"end":{"line":52,"column":35}},"type":"binary-expr","locations":[{"start":{"line":52,"column":8},"end":{"line":52,"column":16}},{"start":{"line":52,"column":20},"end":{"line":52,"column":35}}],"line":52},"5":{"loc":{"start":{"line":65,"column":4},"end":{"line":67,"column":5}},"type":"if","locations":[{"start":{"line":65,"column":4},"end":{"line":67,"column":5}},{"start":{},"end":{}}],"line":65},"6":{"loc":{"start":{"line":85,"column":6},"end":{"line":85,"column":66}},"type":"binary-expr","locations":[{"start":{"line":85,"column":6},"end":{"line":85,"column":24}},{"start":{"line":85,"column":28},"end":{"line":85,"column":45}},{"start":{"line":85,"column":49},"end":{"line":85,"column":66}}],"line":85},"7":{"loc":{"start":{"line":93,"column":6},"end":{"line":93,"column":66}},"type":"binary-expr","locations":[{"start":{"line":93,"column":6},"end":{"line":93,"column":24}},{"start":{"line":93,"column":28},"end":{"line":93,"column":45}},{"start":{"line":93,"column":49},"end":{"line":93,"column":66}}],"line":93},"8":{"loc":{"start":{"line":101,"column":18},"end":{"line":101,"column":62}},"type":"cond-expr","locations":[{"start":{"line":101,"column":42},"end":{"line":101,"column":51}},{"start":{"line":101,"column":54},"end":{"line":101,"column":62}}],"line":101},"9":{"loc":{"start":{"line":109,"column":13},"end":{"line":113,"column":13}},"type":"binary-expr","locations":[{"start":{"line":109,"column":13},"end":{"line":109,"column":24}},{"start":{"line":110,"column":14},"end":{"line":112,"column":21}}],"line":109},"10":{"loc":{"start":{"line":135,"column":17},"end":{"line":137,"column":17}},"type":"binary-expr","locations":[{"start":{"line":135,"column":17},"end":{"line":135,"column":30}},{"start":{"line":135,"column":34},"end":{"line":135,"column":46}},{"start":{"line":136,"column":18},"end":{"line":136,"column":71}}],"line":135},"11":{"loc":{"start":{"line":165,"column":21},"end":{"line":169,"column":21}},"type":"cond-expr","locations":[{"start":{"line":166,"column":22},"end":{"line":166,"column":80}},{"start":{"line":168,"column":22},"end":{"line":168,"column":77}}],"line":165},"12":{"loc":{"start":{"line":172,"column":17},"end":{"line":174,"column":17}},"type":"binary-expr","locations":[{"start":{"line":172,"column":17},"end":{"line":172,"column":33}},{"start":{"line":172,"column":37},"end":{"line":172,"column":52}},{"start":{"line":173,"column":18},"end":{"line":173,"column":74}}],"line":172},"13":{"loc":{"start":{"line":180,"column":18},"end":{"line":180,"column":70}},"type":"binary-expr","locations":[{"start":{"line":180,"column":19},"end":{"line":180,"column":32}},{"start":{"line":180,"column":36},"end":{"line":180,"column":44}},{"start":{"line":180,"column":49},"end":{"line":180,"column":70}}],"line":180},"14":{"loc":{"start":{"line":183,"column":26},"end":{"line":183,"column":51}},"type":"binary-expr","locations":[{"start":{"line":183,"column":26},"end":{"line":183,"column":39}},{"start":{"line":183,"column":43},"end":{"line":183,"column":51}}],"line":183},"15":{"loc":{"start":{"line":186,"column":19},"end":{"line":186,"column":62}},"type":"cond-expr","locations":[{"start":{"line":186,"column":35},"end":{"line":186,"column":50}},{"start":{"line":186,"column":53},"end":{"line":186,"column":62}}],"line":186}},"s":{"0":0,"1":0,"2":0,"3":0,"4":0,"5":0,"6":0,"7":0,"8":0,"9":0,"10":0,"11":0,"12":0,"13":0,"14":0,"15":0,"16":0,"17":0,"18":0,"19":0,"20":0,"21":0,"22":0,"23":0,"24":0,"25":0,"26":0,"27":0,"28":0,"29":0,"30":0,"31":0,"32":0,"33":0},"f":{"0":0,"1":0,"2":0,"3":0,"4":0,"5":0,"6":0,"7":0,"8":0,"9":0,"10":0,"11":0},"b":{"0":[0,0],"1":[0,0],"2":[0,0],"3":[0,0],"4":[0,0],"5":[0,0],"6":[0,0,0],"7":[0,0,0],"8":[0,0],"9":[0,0],"10":[0,0,0],"11":[0,0],"12":[0,0,0],"13":[0,0,0],"14":[0,0],"15":[0,0]}}
,"/Users/rukmoni/wiremock/MobileDev/Assesment/AuthContext/src/screens/ProfileScreen.tsx": {"path":"/Users/rukmoni/wiremock/MobileDev/Assesment/AuthContext/src/screens/ProfileScreen.tsx","statementMap":{"0":{"start":{"line":7,"column":20},"end":{"line":7,"column":29}},"1":{"start":{"line":10,"column":19},"end":{"line":15,"column":3}},"2":{"start":{"line":17,"column":2},"end":{"line":62,"column":4}},"3":{"start":{"line":65,"column":15},"end":{"line":167,"column":2}}},"fnMap":{"0":{"name":"ProfileScreen","decl":{"start":{"line":6,"column":24},"end":{"line":6,"column":37}},"loc":{"start":{"line":6,"column":40},"end":{"line":63,"column":1}},"line":6}},"branchMap":{"0":{"loc":{"start":{"line":11,"column":10},"end":{"line":11,"column":36}},"type":"binary-expr","locations":[{"start":{"line":11,"column":10},"end":{"line":11,"column":26}},{"start":{"line":11,"column":30},"end":{"line":11,"column":36}}],"line":11},"1":{"loc":{"start":{"line":12,"column":11},"end":{"line":12,"column":50}},"type":"binary-expr","locations":[{"start":{"line":12,"column":11},"end":{"line":12,"column":28}},{"start":{"line":12,"column":32},"end":{"line":12,"column":50}}],"line":12}},"s":{"0":0,"1":0,"2":0,"3":0},"f":{"0":0},"b":{"0":[0,0],"1":[0,0]}}
,"/Users/rukmoni/wiremock/MobileDev/Assesment/AuthContext/src/screens/SettingsScreen.tsx": {"path":"/Users/rukmoni/wiremock/MobileDev/Assesment/AuthContext/src/screens/SettingsScreen.tsx","statementMap":{"0":{"start":{"line":7,"column":58},"end":{"line":7,"column":72}},"1":{"start":{"line":8,"column":48},"end":{"line":8,"column":63}},"2":{"start":{"line":10,"column":22},"end":{"line":50,"column":3}},"3":{"start":{"line":27,"column":4},"end":{"line":49,"column":23}},"4":{"start":{"line":52,"column":2},"end":{"line":119,"column":4}},"5":{"start":{"line":85,"column":27},"end":{"line":85,"column":58}},"6":{"start":{"line":96,"column":27},"end":{"line":96,"column":57}},"7":{"start":{"line":107,"column":27},"end":{"line":107,"column":54}},"8":{"start":{"line":114,"column":27},"end":{"line":114,"column":55}},"9":{"start":{"line":122,"column":15},"end":{"line":197,"column":2}}},"fnMap":{"0":{"name":"SettingsScreen","decl":{"start":{"line":6,"column":24},"end":{"line":6,"column":38}},"loc":{"start":{"line":6,"column":41},"end":{"line":120,"column":1}},"line":6},"1":{"name":"(anonymous_1)","decl":{"start":{"line":10,"column":22},"end":{"line":10,"column":23}},"loc":{"start":{"line":27,"column":4},"end":{"line":49,"column":23}},"line":27},"2":{"name":"(anonymous_2)","decl":{"start":{"line":85,"column":21},"end":{"line":85,"column":22}},"loc":{"start":{"line":85,"column":27},"end":{"line":85,"column":58}},"line":85},"3":{"name":"(anonymous_3)","decl":{"start":{"line":96,"column":21},"end":{"line":96,"column":22}},"loc":{"start":{"line":96,"column":27},"end":{"line":96,"column":57}},"line":96},"4":{"name":"(anonymous_4)","decl":{"start":{"line":107,"column":21},"end":{"line":107,"column":22}},"loc":{"start":{"line":107,"column":27},"end":{"line":107,"column":54}},"line":107},"5":{"name":"(anonymous_5)","decl":{"start":{"line":114,"column":21},"end":{"line":114,"column":22}},"loc":{"start":{"line":114,"column":27},"end":{"line":114,"column":55}},"line":114}},"branchMap":{"0":{"loc":{"start":{"line":15,"column":4},"end":{"line":15,"column":22}},"type":"default-arg","locations":[{"start":{"line":15,"column":17},"end":{"line":15,"column":22}}],"line":15},"1":{"loc":{"start":{"line":36,"column":11},"end":{"line":36,"column":77}},"type":"binary-expr","locations":[{"start":{"line":36,"column":11},"end":{"line":36,"column":19}},{"start":{"line":36,"column":23},"end":{"line":36,"column":77}}],"line":36},"2":{"loc":{"start":{"line":39,"column":7},"end":{"line":48,"column":7}},"type":"cond-expr","locations":[{"start":{"line":40,"column":8},"end":{"line":45,"column":10}},{"start":{"line":47,"column":8},"end":{"line":47,"column":50}}],"line":39},"3":{"loc":{"start":{"line":44,"column":22},"end":{"line":44,"column":57}},"type":"cond-expr","locations":[{"start":{"line":44,"column":36},"end":{"line":44,"column":45}},{"start":{"line":44,"column":48},"end":{"line":44,"column":57}}],"line":44}},"s":{"0":0,"1":0,"2":0,"3":0,"4":0,"5":0,"6":0,"7":0,"8":0,"9":0},"f":{"0":0,"1":0,"2":0,"3":0,"4":0,"5":0},"b":{"0":[0],"1":[0,0],"2":[0,0],"3":[0,0]}}
,"/Users/rukmoni/wiremock/MobileDev/Assesment/AuthContext/src/screens/SignupScreen.tsx": {"path":"/Users/rukmoni/wiremock/MobileDev/Assesment/AuthContext/src/screens/SignupScreen.tsx","statementMap":{"0":{"start":{"line":29,"column":21},"end":{"line":29,"column":57}},"1":{"start":{"line":30,"column":26},"end":{"line":30,"column":38}},"2":{"start":{"line":31,"column":28},"end":{"line":31,"column":40}},"3":{"start":{"line":32,"column":34},"end":{"line":32,"column":46}},"4":{"start":{"line":33,"column":42},"end":{"line":33,"column":57}},"5":{"start":{"line":34,"column":40},"end":{"line":34,"column":49}},"6":{"start":{"line":43,"column":6},"end":{"line":43,"column":49}},"7":{"start":{"line":46,"column":2},"end":{"line":48,"column":14}},"8":{"start":{"line":47,"column":4},"end":{"line":47,"column":25}},"9":{"start":{"line":47,"column":17},"end":{"line":47,"column":24}},"10":{"start":{"line":50,"column":23},"end":{"line":68,"column":3}},"11":{"start":{"line":51,"column":37},"end":{"line":55,"column":5}},"12":{"start":{"line":57,"column":4},"end":{"line":59,"column":5}},"13":{"start":{"line":58,"column":6},"end":{"line":58,"column":13}},"14":{"start":{"line":61,"column":4},"end":{"line":67,"column":5}},"15":{"start":{"line":62,"column":6},"end":{"line":62,"column":69}},"16":{"start":{"line":66,"column":6},"end":{"line":66,"column":53}},"17":{"start":{"line":70,"column":35},"end":{"line":72,"column":3}},"18":{"start":{"line":71,"column":4},"end":{"line":71,"column":35}},"19":{"start":{"line":74,"column":24},"end":{"line":77,"column":3}},"20":{"start":{"line":74,"column":47},"end":{"line":77,"column":3}},"21":{"start":{"line":79,"column":32},"end":{"line":82,"column":3}},"22":{"start":{"line":79,"column":55},"end":{"line":82,"column":3}},"23":{"start":{"line":85,"column":27},"end":{"line":89,"column":3}},"24":{"start":{"line":86,"column":4},"end":{"line":86,"column":18}},"25":{"start":{"line":87,"column":4},"end":{"line":87,"column":34}},"26":{"start":{"line":87,"column":21},"end":{"line":87,"column":34}},"27":{"start":{"line":88,"column":4},"end":{"line":88,"column":45}},"28":{"start":{"line":88,"column":21},"end":{"line":88,"column":45}},"29":{"start":{"line":91,"column":28},"end":{"line":95,"column":3}},"30":{"start":{"line":92,"column":4},"end":{"line":92,"column":19}},"31":{"start":{"line":93,"column":4},"end":{"line":93,"column":34}},"32":{"start":{"line":93,"column":21},"end":{"line":93,"column":34}},"33":{"start":{"line":94,"column":4},"end":{"line":94,"column":47}},"34":{"start":{"line":94,"column":22},"end":{"line":94,"column":47}},"35":{"start":{"line":97,"column":31},"end":{"line":101,"column":3}},"36":{"start":{"line":98,"column":4},"end":{"line":98,"column":22}},"37":{"start":{"line":99,"column":4},"end":{"line":99,"column":34}},"38":{"start":{"line":99,"column":21},"end":{"line":99,"column":34}},"39":{"start":{"line":100,"column":4},"end":{"line":100,"column":53}},"40":{"start":{"line":100,"column":25},"end":{"line":100,"column":53}},"41":{"start":{"line":103,"column":2},"end":{"line":244,"column":4}},"42":{"start":{"line":128,"column":20},"end":{"line":132,"column":22}},"43":{"start":{"line":151,"column":20},"end":{"line":155,"column":22}},"44":{"start":{"line":177,"column":22},"end":{"line":181,"column":24}},"45":{"start":{"line":226,"column":31},"end":{"line":226,"column":59}},"46":{"start":{"line":247,"column":15},"end":{"line":370,"column":2}}},"fnMap":{"0":{"name":"SignupScreen","decl":{"start":{"line":28,"column":24},"end":{"line":28,"column":36}},"loc":{"start":{"line":28,"column":39},"end":{"line":245,"column":1}},"line":28},"1":{"name":"(anonymous_1)","decl":{"start":{"line":46,"column":12},"end":{"line":46,"column":13}},"loc":{"start":{"line":46,"column":18},"end":{"line":48,"column":3}},"line":46},"2":{"name":"(anonymous_2)","decl":{"start":{"line":47,"column":11},"end":{"line":47,"column":12}},"loc":{"start":{"line":47,"column":17},"end":{"line":47,"column":24}},"line":47},"3":{"name":"(anonymous_3)","decl":{"start":{"line":50,"column":23},"end":{"line":50,"column":24}},"loc":{"start":{"line":50,"column":35},"end":{"line":68,"column":3}},"line":50},"4":{"name":"(anonymous_4)","decl":{"start":{"line":70,"column":35},"end":{"line":70,"column":36}},"loc":{"start":{"line":70,"column":41},"end":{"line":72,"column":3}},"line":70},"5":{"name":"(anonymous_5)","decl":{"start":{"line":74,"column":24},"end":{"line":74,"column":25}},"loc":{"start":{"line":74,"column":47},"end":{"line":77,"column":3}},"line":74},"6":{"name":"(anonymous_6)","decl":{"start":{"line":79,"column":32},"end":{"line":79,"column":33}},"loc":{"start":{"line":79,"column":55},"end":{"line":82,"column":3}},"line":79},"7":{"name":"(anonymous_7)","decl":{"start":{"line":85,"column":27},"end":{"line":85,"column":28}},"loc":{"start":{"line":85,"column":45},"end":{"line":89,"column":3}},"line":85},"8":{"name":"(anonymous_8)","decl":{"start":{"line":91,"column":28},"end":{"line":91,"column":29}},"loc":{"start":{"line":91,"column":46},"end":{"line":95,"column":3}},"line":91},"9":{"name":"(anonymous_9)","decl":{"start":{"line":97,"column":31},"end":{"line":97,"column":32}},"loc":{"start":{"line":97,"column":49},"end":{"line":101,"column":3}},"line":97},"10":{"name":"(anonymous_10)","decl":{"start":{"line":127,"column":26},"end":{"line":127,"column":27}},"loc":{"start":{"line":128,"column":20},"end":{"line":132,"column":22}},"line":128},"11":{"name":"(anonymous_11)","decl":{"start":{"line":150,"column":26},"end":{"line":150,"column":27}},"loc":{"start":{"line":151,"column":20},"end":{"line":155,"column":22}},"line":151},"12":{"name":"(anonymous_12)","decl":{"start":{"line":176,"column":28},"end":{"line":176,"column":29}},"loc":{"start":{"line":177,"column":22},"end":{"line":181,"column":24}},"line":177},"13":{"name":"(anonymous_13)","decl":{"start":{"line":226,"column":25},"end":{"line":226,"column":26}},"loc":{"start":{"line":226,"column":31},"end":{"line":226,"column":59}},"line":226}},"branchMap":{"0":{"loc":{"start":{"line":57,"column":4},"end":{"line":59,"column":5}},"type":"if","locations":[{"start":{"line":57,"column":4},"end":{"line":59,"column":5}},{"start":{},"end":{}}],"line":57},"1":{"loc":{"start":{"line":76,"column":4},"end":{"line":76,"column":64}},"type":"binary-expr","locations":[{"start":{"line":76,"column":4},"end":{"line":76,"column":22}},{"start":{"line":76,"column":26},"end":{"line":76,"column":43}},{"start":{"line":76,"column":47},"end":{"line":76,"column":64}}],"line":76},"2":{"loc":{"start":{"line":81,"column":4},"end":{"line":81,"column":64}},"type":"binary-expr","locations":[{"start":{"line":81,"column":4},"end":{"line":81,"column":22}},{"start":{"line":81,"column":26},"end":{"line":81,"column":43}},{"start":{"line":81,"column":47},"end":{"line":81,"column":64}}],"line":81},"3":{"loc":{"start":{"line":87,"column":4},"end":{"line":87,"column":34}},"type":"if","locations":[{"start":{"line":87,"column":4},"end":{"line":87,"column":34}},{"start":{},"end":{}}],"line":87},"4":{"loc":{"start":{"line":88,"column":4},"end":{"line":88,"column":45}},"type":"if","locations":[{"start":{"line":88,"column":4},"end":{"line":88,"column":45}},{"start":{},"end":{}}],"line":88},"5":{"loc":{"start":{"line":93,"column":4},"end":{"line":93,"column":34}},"type":"if","locations":[{"start":{"line":93,"column":4},"end":{"line":93,"column":34}},{"start":{},"end":{}}],"line":93},"6":{"loc":{"start":{"line":94,"column":4},"end":{"line":94,"column":47}},"type":"if","locations":[{"start":{"line":94,"column":4},"end":{"line":94,"column":47}},{"start":{},"end":{}}],"line":94},"7":{"loc":{"start":{"line":99,"column":4},"end":{"line":99,"column":34}},"type":"if","locations":[{"start":{"line":99,"column":4},"end":{"line":99,"column":34}},{"start":{},"end":{}}],"line":99},"8":{"loc":{"start":{"line":100,"column":4},"end":{"line":100,"column":53}},"type":"if","locations":[{"start":{"line":100,"column":4},"end":{"line":100,"column":53}},{"start":{},"end":{}}],"line":100},"9":{"loc":{"start":{"line":106,"column":18},"end":{"line":106,"column":62}},"type":"cond-expr","locations":[{"start":{"line":106,"column":42},"end":{"line":106,"column":51}},{"start":{"line":106,"column":54},"end":{"line":106,"column":62}}],"line":106},"10":{"loc":{"start":{"line":114,"column":13},"end":{"line":118,"column":13}},"type":"binary-expr","locations":[{"start":{"line":114,"column":13},"end":{"line":114,"column":24}},{"start":{"line":115,"column":14},"end":{"line":117,"column":21}}],"line":114},"11":{"loc":{"start":{"line":139,"column":17},"end":{"line":141,"column":17}},"type":"binary-expr","locations":[{"start":{"line":139,"column":17},"end":{"line":139,"column":29}},{"start":{"line":139,"column":33},"end":{"line":139,"column":44}},{"start":{"line":140,"column":18},"end":{"line":140,"column":70}}],"line":139},"12":{"loc":{"start":{"line":164,"column":17},"end":{"line":166,"column":17}},"type":"binary-expr","locations":[{"start":{"line":164,"column":17},"end":{"line":164,"column":30}},{"start":{"line":164,"column":34},"end":{"line":164,"column":46}},{"start":{"line":165,"column":18},"end":{"line":165,"column":71}}],"line":164},"13":{"loc":{"start":{"line":194,"column":21},"end":{"line":198,"column":21}},"type":"cond-expr","locations":[{"start":{"line":195,"column":22},"end":{"line":195,"column":80}},{"start":{"line":197,"column":22},"end":{"line":197,"column":77}}],"line":194},"14":{"loc":{"start":{"line":201,"column":17},"end":{"line":203,"column":17}},"type":"binary-expr","locations":[{"start":{"line":201,"column":17},"end":{"line":201,"column":33}},{"start":{"line":201,"column":37},"end":{"line":201,"column":52}},{"start":{"line":202,"column":18},"end":{"line":202,"column":74}}],"line":201},"15":{"loc":{"start":{"line":209,"column":18},"end":{"line":209,"column":70}},"type":"binary-expr","locations":[{"start":{"line":209,"column":19},"end":{"line":209,"column":32}},{"start":{"line":209,"column":36},"end":{"line":209,"column":44}},{"start":{"line":209,"column":49},"end":{"line":209,"column":70}}],"line":209},"16":{"loc":{"start":{"line":212,"column":26},"end":{"line":212,"column":51}},"type":"binary-expr","locations":[{"start":{"line":212,"column":26},"end":{"line":212,"column":39}},{"start":{"line":212,"column":43},"end":{"line":212,"column":51}}],"line":212},"17":{"loc":{"start":{"line":216,"column":19},"end":{"line":216,"column":75}},"type":"cond-expr","locations":[{"start":{"line":216,"column":35},"end":{"line":216,"column":56}},{"start":{"line":216,"column":59},"end":{"line":216,"column":75}}],"line":216},"18":{"loc":{"start":{"line":233,"column":20},"end":{"line":233,"column":56}},"type":"binary-expr","locations":[{"start":{"line":233,"column":20},"end":{"line":233,"column":33}},{"start":{"line":233,"column":37},"end":{"line":233,"column":56}}],"line":233}},"s":{"0":0,"1":0,"2":0,"3":0,"4":0,"5":0,"6":0,"7":0,"8":0,"9":0,"10":0,"11":0,"12":0,"13":0,"14":0,"15":0,"16":0,"17":0,"18":0,"19":0,"20":0,"21":0,"22":0,"23":0,"24":0,"25":0,"26":0,"27":0,"28":0,"29":0,"30":0,"31":0,"32":0,"33":0,"34":0,"35":0,"36":0,"37":0,"38":0,"39":0,"40":0,"41":0,"42":0,"43":0,"44":0,"45":0,"46":0},"f":{"0":0,"1":0,"2":0,"3":0,"4":0,"5":0,"6":0,"7":0,"8":0,"9":0,"10":0,"11":0,"12":0,"13":0},"b":{"0":[0,0],"1":[0,0,0],"2":[0,0,0],"3":[0,0],"4":[0,0],"5":[0,0],"6":[0,0],"7":[0,0],"8":[0,0],"9":[0,0],"10":[0,0],"11":[0,0,0],"12":[0,0,0],"13":[0,0],"14":[0,0,0],"15":[0,0,0],"16":[0,0],"17":[0,0],"18":[0,0]}}
,"/Users/rukmoni/wiremock/MobileDev/Assesment/AuthContext/src/services/storage.ts": {"path":"/Users/rukmoni/wiremock/MobileDev/Assesment/AuthContext/src/services/storage.ts","statementMap":{"0":{"start":{"line":3,"column":22},"end":{"line":3,"column":33}},"1":{"start":{"line":10,"column":24},"end":{"line":16,"column":1}},"2":{"start":{"line":11,"column":2},"end":{"line":15,"column":3}},"3":{"start":{"line":12,"column":4},"end":{"line":12,"column":68}},"4":{"start":{"line":14,"column":4},"end":{"line":14,"column":48}},"5":{"start":{"line":18,"column":23},"end":{"line":25,"column":1}},"6":{"start":{"line":19,"column":2},"end":{"line":24,"column":3}},"7":{"start":{"line":20,"column":21},"end":{"line":20,"column":62}},"8":{"start":{"line":21,"column":4},"end":{"line":21,"column":50}},"9":{"start":{"line":23,"column":4},"end":{"line":23,"column":16}},"10":{"start":{"line":27,"column":25},"end":{"line":33,"column":1}},"11":{"start":{"line":28,"column":2},"end":{"line":32,"column":3}},"12":{"start":{"line":29,"column":4},"end":{"line":29,"column":49}},"13":{"start":{"line":31,"column":4},"end":{"line":31,"column":49}}},"fnMap":{"0":{"name":"(anonymous_0)","decl":{"start":{"line":10,"column":24},"end":{"line":10,"column":25}},"loc":{"start":{"line":10,"column":61},"end":{"line":16,"column":1}},"line":10},"1":{"name":"(anonymous_1)","decl":{"start":{"line":18,"column":23},"end":{"line":18,"column":24}},"loc":{"start":{"line":18,"column":57},"end":{"line":25,"column":1}},"line":18},"2":{"name":"(anonymous_2)","decl":{"start":{"line":27,"column":25},"end":{"line":27,"column":26}},"loc":{"start":{"line":27,"column":52},"end":{"line":33,"column":1}},"line":27}},"branchMap":{"0":{"loc":{"start":{"line":21,"column":11},"end":{"line":21,"column":49}},"type":"cond-expr","locations":[{"start":{"line":21,"column":22},"end":{"line":21,"column":42}},{"start":{"line":21,"column":45},"end":{"line":21,"column":49}}],"line":21}},"s":{"0":1,"1":1,"2":0,"3":0,"4":0,"5":1,"6":0,"7":0,"8":0,"9":0,"10":1,"11":0,"12":0,"13":0},"f":{"0":0,"1":0,"2":0},"b":{"0":[0,0]},"_coverageSchema":"1a1c01bbd47fc00a2c39e90264f33305004495a9","hash":"6e41c245b029b9717781fbc36d8d2e4a0d10eca1"}
,"/Users/rukmoni/wiremock/MobileDev/Assesment/AuthContext/src/theme/colors.ts": {"path":"/Users/rukmoni/wiremock/MobileDev/Assesment/AuthContext/src/theme/colors.ts","statementMap":{"0":{"start":{"line":1,"column":27},"end":{"line":13,"column":3}},"1":{"start":{"line":15,"column":28},"end":{"line":27,"column":3}}},"fnMap":{},"branchMap":{},"s":{"0":0,"1":0},"f":{},"b":{}}
,"/Users/rukmoni/wiremock/MobileDev/Assesment/AuthContext/src/theme/index.ts": {"path":"/Users/rukmoni/wiremock/MobileDev/Assesment/AuthContext/src/theme/index.ts","statementMap":{"0":{"start":{"line":10,"column":33},"end":{"line":14,"column":1}},"1":{"start":{"line":16,"column":32},"end":{"line":20,"column":1}}},"fnMap":{},"branchMap":{},"s":{"0":0,"1":0},"f":{},"b":{}}
,"/Users/rukmoni/wiremock/MobileDev/Assesment/AuthContext/src/theme/paper-theme.ts": {"path":"/Users/rukmoni/wiremock/MobileDev/Assesment/AuthContext/src/theme/paper-theme.ts","statementMap":{},"fnMap":{},"branchMap":{},"s":{},"f":{},"b":{}}
,"/Users/rukmoni/wiremock/MobileDev/Assesment/AuthContext/src/theme/typography.ts": {"path":"/Users/rukmoni/wiremock/MobileDev/Assesment/AuthContext/src/theme/typography.ts","statementMap":{"0":{"start":{"line":1,"column":26},"end":{"line":26,"column":3}}},"fnMap":{},"branchMap":{},"s":{"0":0},"f":{},"b":{}}
,"/Users/rukmoni/wiremock/MobileDev/Assesment/AuthContext/src/utils/validators.ts": {"path":"/Users/rukmoni/wiremock/MobileDev/Assesment/AuthContext/src/utils/validators.ts","statementMap":{"0":{"start":{"line":1,"column":29},"end":{"line":4,"column":3}},"1":{"start":{"line":2,"column":23},"end":{"line":2,"column":51}},"2":{"start":{"line":3,"column":4},"end":{"line":3,"column":34}},"3":{"start":{"line":6,"column":34},"end":{"line":8,"column":3}},"4":{"start":{"line":7,"column":4},"end":{"line":7,"column":32}},"5":{"start":{"line":10,"column":30},"end":{"line":12,"column":3}},"6":{"start":{"line":11,"column":4},"end":{"line":11,"column":35}},"7":{"start":{"line":14,"column":36},"end":{"line":31,"column":3}},"8":{"start":{"line":15,"column":4},"end":{"line":30,"column":5}},"9":{"start":{"line":17,"column":8},"end":{"line":17,"column":54}},"10":{"start":{"line":17,"column":27},"end":{"line":17,"column":54}},"11":{"start":{"line":18,"column":8},"end":{"line":18,"column":79}},"12":{"start":{"line":18,"column":35},"end":{"line":18,"column":79}},"13":{"start":{"line":19,"column":8},"end":{"line":19,"column":20}},"14":{"start":{"line":21,"column":8},"end":{"line":21,"column":50}},"15":{"start":{"line":21,"column":20},"end":{"line":21,"column":50}},"16":{"start":{"line":22,"column":8},"end":{"line":22,"column":86}},"17":{"start":{"line":22,"column":38},"end":{"line":22,"column":86}},"18":{"start":{"line":23,"column":8},"end":{"line":23,"column":20}},"19":{"start":{"line":25,"column":8},"end":{"line":25,"column":53}},"20":{"start":{"line":25,"column":27},"end":{"line":25,"column":53}},"21":{"start":{"line":26,"column":8},"end":{"line":26,"column":78}},"22":{"start":{"line":26,"column":34},"end":{"line":26,"column":78}},"23":{"start":{"line":27,"column":8},"end":{"line":27,"column":20}},"24":{"start":{"line":29,"column":8},"end":{"line":29,"column":20}}},"fnMap":{"0":{"name":"(anonymous_0)","decl":{"start":{"line":1,"column":29},"end":{"line":1,"column":30}},"loc":{"start":{"line":1,"column":57},"end":{"line":4,"column":3}},"line":1},"1":{"name":"(anonymous_1)","decl":{"start":{"line":6,"column":34},"end":{"line":6,"column":35}},"loc":{"start":{"line":6,"column":65},"end":{"line":8,"column":3}},"line":6},"2":{"name":"(anonymous_2)","decl":{"start":{"line":10,"column":30},"end":{"line":10,"column":31}},"loc":{"start":{"line":10,"column":57},"end":{"line":12,"column":3}},"line":10},"3":{"name":"(anonymous_3)","decl":{"start":{"line":14,"column":36},"end":{"line":14,"column":37}},"loc":{"start":{"line":14,"column":85},"end":{"line":31,"column":3}},"line":14}},"branchMap":{"0":{"loc":{"start":{"line":15,"column":4},"end":{"line":30,"column":5}},"type":"switch","locations":[{"start":{"line":16,"column":6},"end":{"line":19,"column":20}},{"start":{"line":20,"column":6},"end":{"line":23,"column":20}},{"start":{"line":24,"column":6},"end":{"line":27,"column":20}},{"start":{"line":28,"column":6},"end":{"line":29,"column":20}}],"line":15},"1":{"loc":{"start":{"line":17,"column":8},"end":{"line":17,"column":54}},"type":"if","locations":[{"start":{"line":17,"column":8},"end":{"line":17,"column":54}},{"start":{},"end":{}}],"line":17},"2":{"loc":{"start":{"line":18,"column":8},"end":{"line":18,"column":79}},"type":"if","locations":[{"start":{"line":18,"column":8},"end":{"line":18,"column":79}},{"start":{},"end":{}}],"line":18},"3":{"loc":{"start":{"line":21,"column":8},"end":{"line":21,"column":50}},"type":"if","locations":[{"start":{"line":21,"column":8},"end":{"line":21,"column":50}},{"start":{},"end":{}}],"line":21},"4":{"loc":{"start":{"line":22,"column":8},"end":{"line":22,"column":86}},"type":"if","locations":[{"start":{"line":22,"column":8},"end":{"line":22,"column":86}},{"start":{},"end":{}}],"line":22},"5":{"loc":{"start":{"line":25,"column":8},"end":{"line":25,"column":53}},"type":"if","locations":[{"start":{"line":25,"column":8},"end":{"line":25,"column":53}},{"start":{},"end":{}}],"line":25},"6":{"loc":{"start":{"line":26,"column":8},"end":{"line":26,"column":78}},"type":"if","locations":[{"start":{"line":26,"column":8},"end":{"line":26,"column":78}},{"start":{},"end":{}}],"line":26}},"s":{"0":1,"1":0,"2":0,"3":1,"4":0,"5":1,"6":0,"7":1,"8":0,"9":0,"10":0,"11":0,"12":0,"13":0,"14":0,"15":0,"16":0,"17":0,"18":0,"19":0,"20":0,"21":0,"22":0,"23":0,"24":0},"f":{"0":0,"1":0,"2":0,"3":0},"b":{"0":[0,0,0,0],"1":[0,0],"2":[0,0],"3":[0,0],"4":[0,0],"5":[0,0],"6":[0,0]},"_coverageSchema":"1a1c01bbd47fc00a2c39e90264f33305004495a9","hash":"ea2ca854179be7e249d89bce570d6602d4b53c4b"}
}
