{"total": {"lines":{"total":286,"covered":271,"skipped":0,"pct":94.75},"statements":{"total":318,"covered":298,"skipped":0,"pct":93.71},"functions":{"total":87,"covered":84,"skipped":0,"pct":96.55},"branches":{"total":176,"covered":134,"skipped":0,"pct":76.13},"branchesTrue":{"total":0,"covered":0,"skipped":0,"pct":100}}
,"/Users/rukmoni/wiremock/MobileDev/Assesment/AuthContext/src/App.tsx": {"lines":{"total":1,"covered":1,"skipped":0,"pct":100},"functions":{"total":1,"covered":1,"skipped":0,"pct":100},"statements":{"total":1,"covered":1,"skipped":0,"pct":100},"branches":{"total":0,"covered":0,"skipped":0,"pct":100}}
,"/Users/rukmoni/wiremock/MobileDev/Assesment/AuthContext/src/types.d.ts": {"lines":{"total":0,"covered":0,"skipped":0,"pct":0},"functions":{"total":0,"covered":0,"skipped":0,"pct":0},"statements":{"total":0,"covered":0,"skipped":0,"pct":0},"branches":{"total":0,"covered":0,"skipped":0,"pct":0}}
,"/Users/rukmoni/wiremock/MobileDev/Assesment/AuthContext/src/components/LoginFooter.tsx": {"lines":{"total":4,"covered":4,"skipped":0,"pct":100},"functions":{"total":2,"covered":2,"skipped":0,"pct":100},"statements":{"total":4,"covered":4,"skipped":0,"pct":100},"branches":{"total":2,"covered":2,"skipped":0,"pct":100}}
,"/Users/rukmoni/wiremock/MobileDev/Assesment/AuthContext/src/context/AuthContext.tsx": {"lines":{"total":72,"covered":68,"skipped":0,"pct":94.44},"functions":{"total":13,"covered":13,"skipped":0,"pct":100},"statements":{"total":76,"covered":72,"skipped":0,"pct":94.73},"branches":{"total":32,"covered":26,"skipped":0,"pct":81.25}}
,"/Users/rukmoni/wiremock/MobileDev/Assesment/AuthContext/src/hooks/useFormValidation.ts": {"lines":{"total":61,"covered":59,"skipped":0,"pct":96.72},"functions":{"total":21,"covered":21,"skipped":0,"pct":100},"statements":{"total":70,"covered":68,"skipped":0,"pct":97.14},"branches":{"total":22,"covered":17,"skipped":0,"pct":77.27}}
,"/Users/rukmoni/wiremock/MobileDev/Assesment/AuthContext/src/navigation/AppNavigator.tsx": {"lines":{"total":2,"covered":2,"skipped":0,"pct":100},"functions":{"total":1,"covered":1,"skipped":0,"pct":100},"statements":{"total":2,"covered":2,"skipped":0,"pct":100},"branches":{"total":2,"covered":2,"skipped":0,"pct":100}}
,"/Users/rukmoni/wiremock/MobileDev/Assesment/AuthContext/src/navigation/AppTabs.tsx": {"lines":{"total":6,"covered":6,"skipped":0,"pct":100},"functions":{"total":3,"covered":3,"skipped":0,"pct":100},"statements":{"total":9,"covered":9,"skipped":0,"pct":100},"branches":{"total":6,"covered":5,"skipped":0,"pct":83.33}}
,"/Users/rukmoni/wiremock/MobileDev/Assesment/AuthContext/src/navigation/AuthStack.tsx": {"lines":{"total":2,"covered":2,"skipped":0,"pct":100},"functions":{"total":1,"covered":1,"skipped":0,"pct":100},"statements":{"total":2,"covered":2,"skipped":0,"pct":100},"branches":{"total":0,"covered":0,"skipped":0,"pct":100}}
,"/Users/rukmoni/wiremock/MobileDev/Assesment/AuthContext/src/schemas/authSchemas.ts": {"lines":{"total":2,"covered":2,"skipped":0,"pct":100},"functions":{"total":0,"covered":0,"skipped":0,"pct":100},"statements":{"total":2,"covered":2,"skipped":0,"pct":100},"branches":{"total":0,"covered":0,"skipped":0,"pct":100}}
,"/Users/rukmoni/wiremock/MobileDev/Assesment/AuthContext/src/screens/HomeScreen.tsx": {"lines":{"total":9,"covered":9,"skipped":0,"pct":100},"functions":{"total":3,"covered":3,"skipped":0,"pct":100},"statements":{"total":9,"covered":9,"skipped":0,"pct":100},"branches":{"total":4,"covered":4,"skipped":0,"pct":100}}
,"/Users/rukmoni/wiremock/MobileDev/Assesment/AuthContext/src/screens/LoginScreen.tsx": {"lines":{"total":35,"covered":31,"skipped":0,"pct":88.57},"functions":{"total":13,"covered":13,"skipped":0,"pct":100},"statements":{"total":36,"covered":32,"skipped":0,"pct":88.88},"branches":{"total":35,"covered":22,"skipped":0,"pct":62.85}}
,"/Users/rukmoni/wiremock/MobileDev/Assesment/AuthContext/src/screens/ProfileScreen.tsx": {"lines":{"total":4,"covered":4,"skipped":0,"pct":100},"functions":{"total":1,"covered":1,"skipped":0,"pct":100},"statements":{"total":4,"covered":4,"skipped":0,"pct":100},"branches":{"total":4,"covered":4,"skipped":0,"pct":100}}
,"/Users/rukmoni/wiremock/MobileDev/Assesment/AuthContext/src/screens/SettingsScreen.tsx": {"lines":{"total":10,"covered":10,"skipped":0,"pct":100},"functions":{"total":6,"covered":6,"skipped":0,"pct":100},"statements":{"total":10,"covered":10,"skipped":0,"pct":100},"branches":{"total":7,"covered":7,"skipped":0,"pct":100}}
,"/Users/rukmoni/wiremock/MobileDev/Assesment/AuthContext/src/screens/SignupScreen.tsx": {"lines":{"total":40,"covered":35,"skipped":0,"pct":87.5},"functions":{"total":15,"covered":12,"skipped":0,"pct":80},"statements":{"total":49,"covered":39,"skipped":0,"pct":79.59},"branches":{"total":44,"covered":27,"skipped":0,"pct":61.36}}
,"/Users/rukmoni/wiremock/MobileDev/Assesment/AuthContext/src/services/storage.ts": {"lines":{"total":14,"covered":14,"skipped":0,"pct":100},"functions":{"total":3,"covered":3,"skipped":0,"pct":100},"statements":{"total":14,"covered":14,"skipped":0,"pct":100},"branches":{"total":2,"covered":2,"skipped":0,"pct":100}}
,"/Users/rukmoni/wiremock/MobileDev/Assesment/AuthContext/src/theme/colors.ts": {"lines":{"total":2,"covered":2,"skipped":0,"pct":100},"functions":{"total":0,"covered":0,"skipped":0,"pct":100},"statements":{"total":2,"covered":2,"skipped":0,"pct":100},"branches":{"total":0,"covered":0,"skipped":0,"pct":100}}
,"/Users/rukmoni/wiremock/MobileDev/Assesment/AuthContext/src/theme/index.ts": {"lines":{"total":2,"covered":2,"skipped":0,"pct":100},"functions":{"total":0,"covered":0,"skipped":0,"pct":100},"statements":{"total":2,"covered":2,"skipped":0,"pct":100},"branches":{"total":0,"covered":0,"skipped":0,"pct":100}}
,"/Users/rukmoni/wiremock/MobileDev/Assesment/AuthContext/src/theme/paper-theme.ts": {"lines":{"total":0,"covered":0,"skipped":0,"pct":0},"functions":{"total":0,"covered":0,"skipped":0,"pct":0},"statements":{"total":0,"covered":0,"skipped":0,"pct":0},"branches":{"total":0,"covered":0,"skipped":0,"pct":0}}
,"/Users/rukmoni/wiremock/MobileDev/Assesment/AuthContext/src/theme/typography.ts": {"lines":{"total":1,"covered":1,"skipped":0,"pct":100},"functions":{"total":0,"covered":0,"skipped":0,"pct":100},"statements":{"total":1,"covered":1,"skipped":0,"pct":100},"branches":{"total":0,"covered":0,"skipped":0,"pct":100}}
,"/Users/rukmoni/wiremock/MobileDev/Assesment/AuthContext/src/utils/validators.ts": {"lines":{"total":19,"covered":19,"skipped":0,"pct":100},"functions":{"total":4,"covered":4,"skipped":0,"pct":100},"statements":{"total":25,"covered":25,"skipped":0,"pct":100},"branches":{"total":16,"covered":16,"skipped":0,"pct":100}}
}
