{"total": {"lines":{"total":277,"covered":77,"skipped":0,"pct":27.79},"statements":{"total":308,"covered":81,"skipped":0,"pct":26.29},"functions":{"total":84,"covered":13,"skipped":0,"pct":15.47},"branches":{"total":175,"covered":27,"skipped":0,"pct":15.42},"branchesTrue":{"total":0,"covered":0,"skipped":0,"pct":100}}
,"/Users/rukmoni/wiremock/MobileDev/Assesment/AuthContext/src/App.tsx": {"lines":{"total":1,"covered":0,"skipped":0,"pct":0},"functions":{"total":1,"covered":0,"skipped":0,"pct":0},"statements":{"total":1,"covered":0,"skipped":0,"pct":0},"branches":{"total":0,"covered":0,"skipped":0,"pct":100}}
,"/Users/rukmoni/wiremock/MobileDev/Assesment/AuthContext/src/types.d.ts": {"lines":{"total":0,"covered":0,"skipped":0,"pct":0},"functions":{"total":0,"covered":0,"skipped":0,"pct":0},"statements":{"total":0,"covered":0,"skipped":0,"pct":0},"branches":{"total":0,"covered":0,"skipped":0,"pct":0}}
,"/Users/rukmoni/wiremock/MobileDev/Assesment/AuthContext/src/components/LoginFooter.tsx": {"lines":{"total":4,"covered":0,"skipped":0,"pct":0},"functions":{"total":2,"covered":0,"skipped":0,"pct":0},"statements":{"total":4,"covered":0,"skipped":0,"pct":0},"branches":{"total":2,"covered":0,"skipped":0,"pct":0}}
,"/Users/rukmoni/wiremock/MobileDev/Assesment/AuthContext/src/context/AuthContext.tsx": {"lines":{"total":72,"covered":69,"skipped":0,"pct":95.83},"functions":{"total":13,"covered":13,"skipped":0,"pct":100},"statements":{"total":76,"covered":73,"skipped":0,"pct":96.05},"branches":{"total":32,"covered":27,"skipped":0,"pct":84.37}}
,"/Users/rukmoni/wiremock/MobileDev/Assesment/AuthContext/src/hooks/useFormValidation.ts": {"lines":{"total":56,"covered":0,"skipped":0,"pct":0},"functions":{"total":20,"covered":0,"skipped":0,"pct":0},"statements":{"total":64,"covered":0,"skipped":0,"pct":0},"branches":{"total":19,"covered":0,"skipped":0,"pct":0}}
,"/Users/rukmoni/wiremock/MobileDev/Assesment/AuthContext/src/navigation/AppNavigator.tsx": {"lines":{"total":2,"covered":0,"skipped":0,"pct":0},"functions":{"total":1,"covered":0,"skipped":0,"pct":0},"statements":{"total":2,"covered":0,"skipped":0,"pct":0},"branches":{"total":2,"covered":0,"skipped":0,"pct":0}}
,"/Users/rukmoni/wiremock/MobileDev/Assesment/AuthContext/src/navigation/AppTabs.tsx": {"lines":{"total":6,"covered":0,"skipped":0,"pct":0},"functions":{"total":3,"covered":0,"skipped":0,"pct":0},"statements":{"total":9,"covered":0,"skipped":0,"pct":0},"branches":{"total":6,"covered":0,"skipped":0,"pct":0}}
,"/Users/rukmoni/wiremock/MobileDev/Assesment/AuthContext/src/navigation/AuthStack.tsx": {"lines":{"total":2,"covered":0,"skipped":0,"pct":0},"functions":{"total":1,"covered":0,"skipped":0,"pct":0},"statements":{"total":2,"covered":0,"skipped":0,"pct":0},"branches":{"total":0,"covered":0,"skipped":0,"pct":100}}
,"/Users/rukmoni/wiremock/MobileDev/Assesment/AuthContext/src/schemas/authSchemas.ts": {"lines":{"total":2,"covered":0,"skipped":0,"pct":0},"functions":{"total":0,"covered":0,"skipped":0,"pct":100},"statements":{"total":2,"covered":0,"skipped":0,"pct":0},"branches":{"total":0,"covered":0,"skipped":0,"pct":100}}
,"/Users/rukmoni/wiremock/MobileDev/Assesment/AuthContext/src/screens/HomeScreen.tsx": {"lines":{"total":9,"covered":0,"skipped":0,"pct":0},"functions":{"total":3,"covered":0,"skipped":0,"pct":0},"statements":{"total":9,"covered":0,"skipped":0,"pct":0},"branches":{"total":4,"covered":0,"skipped":0,"pct":0}}
,"/Users/rukmoni/wiremock/MobileDev/Assesment/AuthContext/src/screens/LoginScreen.tsx": {"lines":{"total":33,"covered":0,"skipped":0,"pct":0},"functions":{"total":12,"covered":0,"skipped":0,"pct":0},"statements":{"total":34,"covered":0,"skipped":0,"pct":0},"branches":{"total":37,"covered":0,"skipped":0,"pct":0}}
,"/Users/rukmoni/wiremock/MobileDev/Assesment/AuthContext/src/screens/ProfileScreen.tsx": {"lines":{"total":4,"covered":0,"skipped":0,"pct":0},"functions":{"total":1,"covered":0,"skipped":0,"pct":0},"statements":{"total":4,"covered":0,"skipped":0,"pct":0},"branches":{"total":4,"covered":0,"skipped":0,"pct":0}}
,"/Users/rukmoni/wiremock/MobileDev/Assesment/AuthContext/src/screens/SettingsScreen.tsx": {"lines":{"total":10,"covered":0,"skipped":0,"pct":0},"functions":{"total":6,"covered":0,"skipped":0,"pct":0},"statements":{"total":10,"covered":0,"skipped":0,"pct":0},"branches":{"total":7,"covered":0,"skipped":0,"pct":0}}
,"/Users/rukmoni/wiremock/MobileDev/Assesment/AuthContext/src/screens/SignupScreen.tsx": {"lines":{"total":38,"covered":0,"skipped":0,"pct":0},"functions":{"total":14,"covered":0,"skipped":0,"pct":0},"statements":{"total":47,"covered":0,"skipped":0,"pct":0},"branches":{"total":44,"covered":0,"skipped":0,"pct":0}}
,"/Users/rukmoni/wiremock/MobileDev/Assesment/AuthContext/src/services/storage.ts": {"lines":{"total":14,"covered":4,"skipped":0,"pct":28.57},"functions":{"total":3,"covered":0,"skipped":0,"pct":0},"statements":{"total":14,"covered":4,"skipped":0,"pct":28.57},"branches":{"total":2,"covered":0,"skipped":0,"pct":0}}
,"/Users/rukmoni/wiremock/MobileDev/Assesment/AuthContext/src/theme/colors.ts": {"lines":{"total":2,"covered":0,"skipped":0,"pct":0},"functions":{"total":0,"covered":0,"skipped":0,"pct":100},"statements":{"total":2,"covered":0,"skipped":0,"pct":0},"branches":{"total":0,"covered":0,"skipped":0,"pct":100}}
,"/Users/rukmoni/wiremock/MobileDev/Assesment/AuthContext/src/theme/index.ts": {"lines":{"total":2,"covered":0,"skipped":0,"pct":0},"functions":{"total":0,"covered":0,"skipped":0,"pct":100},"statements":{"total":2,"covered":0,"skipped":0,"pct":0},"branches":{"total":0,"covered":0,"skipped":0,"pct":100}}
,"/Users/rukmoni/wiremock/MobileDev/Assesment/AuthContext/src/theme/paper-theme.ts": {"lines":{"total":0,"covered":0,"skipped":0,"pct":0},"functions":{"total":0,"covered":0,"skipped":0,"pct":0},"statements":{"total":0,"covered":0,"skipped":0,"pct":0},"branches":{"total":0,"covered":0,"skipped":0,"pct":0}}
,"/Users/rukmoni/wiremock/MobileDev/Assesment/AuthContext/src/theme/typography.ts": {"lines":{"total":1,"covered":0,"skipped":0,"pct":0},"functions":{"total":0,"covered":0,"skipped":0,"pct":100},"statements":{"total":1,"covered":0,"skipped":0,"pct":0},"branches":{"total":0,"covered":0,"skipped":0,"pct":100}}
,"/Users/rukmoni/wiremock/MobileDev/Assesment/AuthContext/src/utils/validators.ts": {"lines":{"total":19,"covered":4,"skipped":0,"pct":21.05},"functions":{"total":4,"covered":0,"skipped":0,"pct":0},"statements":{"total":25,"covered":4,"skipped":0,"pct":16},"branches":{"total":16,"covered":0,"skipped":0,"pct":0}}
}
