{"/Users/rukmoni/wiremock/MobileDev/Assesment/AuthContext/src/App.tsx": {"path":"/Users/rukmoni/wiremock/MobileDev/Assesment/AuthContext/src/App.tsx","statementMap":{"0":{"start":{"line":9,"column":2},"end":{"line":16,"column":4}}},"fnMap":{"0":{"name":"App","decl":{"start":{"line":8,"column":24},"end":{"line":8,"column":27}},"loc":{"start":{"line":8,"column":30},"end":{"line":17,"column":1}},"line":8}},"branchMap":{},"s":{"0":1},"f":{"0":1},"b":{},"_coverageSchema":"1a1c01bbd47fc00a2c39e90264f33305004495a9","hash":"8a10953ad99290f13fb5cc500864ddd0afc0945c"}
,"/Users/rukmoni/wiremock/MobileDev/Assesment/AuthContext/src/types.d.ts": {"path":"/Users/rukmoni/wiremock/MobileDev/Assesment/AuthContext/src/types.d.ts","statementMap":{},"fnMap":{},"branchMap":{},"s":{},"f":{},"b":{}}
,"/Users/rukmoni/wiremock/MobileDev/Assesment/AuthContext/src/components/LoginFooter.tsx": {"path":"/Users/rukmoni/wiremock/MobileDev/Assesment/AuthContext/src/components/LoginFooter.tsx","statementMap":{"0":{"start":{"line":10,"column":21},"end":{"line":10,"column":49}},"1":{"start":{"line":12,"column":2},"end":{"line":25,"column":4}},"2":{"start":{"line":18,"column":23},"end":{"line":18,"column":52}},"3":{"start":{"line":28,"column":15},"end":{"line":46,"column":2}}},"fnMap":{"0":{"name":"LoginFooter","decl":{"start":{"line":9,"column":24},"end":{"line":9,"column":35}},"loc":{"start":{"line":9,"column":71},"end":{"line":26,"column":1}},"line":9},"1":{"name":"(anonymous_1)","decl":{"start":{"line":18,"column":17},"end":{"line":18,"column":18}},"loc":{"start":{"line":18,"column":23},"end":{"line":18,"column":52}},"line":18}},"branchMap":{"0":{"loc":{"start":{"line":20,"column":39},"end":{"line":20,"column":69}},"type":"binary-expr","locations":[{"start":{"line":20,"column":39},"end":{"line":20,"column":46}},{"start":{"line":20,"column":50},"end":{"line":20,"column":69}}],"line":20}},"s":{"0":5,"1":5,"2":1,"3":2},"f":{"0":5,"1":1},"b":{"0":[5,2]},"_coverageSchema":"1a1c01bbd47fc00a2c39e90264f33305004495a9","hash":"c53dfa8abe48337dcd4a413ea2bc9e25602ee560"}
,"/Users/rukmoni/wiremock/MobileDev/Assesment/AuthContext/src/context/AuthContext.tsx": {"path":"/Users/rukmoni/wiremock/MobileDev/Assesment/AuthContext/src/context/AuthContext.tsx","statementMap":{"0":{"start":{"line":6,"column":54},"end":{"line":9,"column":1}},"1":{"start":{"line":28,"column":32},"end":{"line":32,"column":1}},"2":{"start":{"line":34,"column":27},"end":{"line":54,"column":1}},"3":{"start":{"line":35,"column":2},"end":{"line":53,"column":3}},"4":{"start":{"line":38,"column":6},"end":{"line":38,"column":54}},"5":{"start":{"line":41,"column":6},"end":{"line":41,"column":77}},"6":{"start":{"line":44,"column":6},"end":{"line":44,"column":65}},"7":{"start":{"line":46,"column":6},"end":{"line":46,"column":67}},"8":{"start":{"line":48,"column":6},"end":{"line":48,"column":77}},"9":{"start":{"line":50,"column":6},"end":{"line":50,"column":39}},"10":{"start":{"line":52,"column":6},"end":{"line":52,"column":19}},"11":{"start":{"line":64,"column":20},"end":{"line":64,"column":73}},"12":{"start":{"line":66,"column":23},"end":{"line":72,"column":1}},"13":{"start":{"line":67,"column":18},"end":{"line":67,"column":41}},"14":{"start":{"line":68,"column":2},"end":{"line":70,"column":3}},"15":{"start":{"line":69,"column":4},"end":{"line":69,"column":67}},"16":{"start":{"line":71,"column":2},"end":{"line":71,"column":17}},"17":{"start":{"line":78,"column":57},"end":{"line":188,"column":1}},"18":{"start":{"line":79,"column":28},"end":{"line":79,"column":65}},"19":{"start":{"line":81,"column":2},"end":{"line":83,"column":9}},"20":{"start":{"line":82,"column":4},"end":{"line":82,"column":18}},"21":{"start":{"line":85,"column":22},"end":{"line":93,"column":3}},"22":{"start":{"line":86,"column":4},"end":{"line":92,"column":5}},"23":{"start":{"line":87,"column":19},"end":{"line":87,"column":34}},"24":{"start":{"line":88,"column":6},"end":{"line":88,"column":56}},"25":{"start":{"line":90,"column":6},"end":{"line":90,"column":52}},"26":{"start":{"line":91,"column":6},"end":{"line":91,"column":56}},"27":{"start":{"line":95,"column":16},"end":{"line":126,"column":3}},"28":{"start":{"line":96,"column":4},"end":{"line":96,"column":40}},"29":{"start":{"line":98,"column":4},"end":{"line":125,"column":5}},"30":{"start":{"line":100,"column":6},"end":{"line":102,"column":7}},"31":{"start":{"line":101,"column":8},"end":{"line":101,"column":62}},"32":{"start":{"line":104,"column":6},"end":{"line":106,"column":7}},"33":{"start":{"line":105,"column":8},"end":{"line":105,"column":66}},"34":{"start":{"line":109,"column":6},"end":{"line":109,"column":62}},"35":{"start":{"line":109,"column":35},"end":{"line":109,"column":60}},"36":{"start":{"line":112,"column":19},"end":{"line":112,"column":84}},"37":{"start":{"line":112,"column":39},"end":{"line":112,"column":83}},"38":{"start":{"line":114,"column":6},"end":{"line":116,"column":7}},"39":{"start":{"line":115,"column":8},"end":{"line":115,"column":53}},"40":{"start":{"line":118,"column":29},"end":{"line":118,"column":67}},"41":{"start":{"line":119,"column":6},"end":{"line":119,"column":31}},"42":{"start":{"line":120,"column":6},"end":{"line":120,"column":61}},"43":{"start":{"line":122,"column":27},"end":{"line":122,"column":82}},"44":{"start":{"line":123,"column":6},"end":{"line":123,"column":65}},"45":{"start":{"line":124,"column":6},"end":{"line":124,"column":18}},"46":{"start":{"line":128,"column":17},"end":{"line":166,"column":3}},"47":{"start":{"line":129,"column":4},"end":{"line":129,"column":41}},"48":{"start":{"line":131,"column":4},"end":{"line":165,"column":5}},"49":{"start":{"line":133,"column":6},"end":{"line":135,"column":7}},"50":{"start":{"line":134,"column":8},"end":{"line":134,"column":62}},"51":{"start":{"line":137,"column":6},"end":{"line":139,"column":7}},"52":{"start":{"line":138,"column":8},"end":{"line":138,"column":62}},"53":{"start":{"line":141,"column":6},"end":{"line":143,"column":7}},"54":{"start":{"line":142,"column":8},"end":{"line":142,"column":66}},"55":{"start":{"line":146,"column":6},"end":{"line":146,"column":62}},"56":{"start":{"line":146,"column":35},"end":{"line":146,"column":60}},"57":{"start":{"line":149,"column":27},"end":{"line":149,"column":65}},"58":{"start":{"line":149,"column":47},"end":{"line":149,"column":64}},"59":{"start":{"line":150,"column":6},"end":{"line":152,"column":7}},"60":{"start":{"line":151,"column":8},"end":{"line":151,"column":63}},"61":{"start":{"line":155,"column":22},"end":{"line":155,"column":47}},"62":{"start":{"line":156,"column":6},"end":{"line":156,"column":30}},"63":{"start":{"line":158,"column":29},"end":{"line":158,"column":44}},"64":{"start":{"line":159,"column":6},"end":{"line":159,"column":31}},"65":{"start":{"line":160,"column":6},"end":{"line":160,"column":62}},"66":{"start":{"line":162,"column":27},"end":{"line":162,"column":83}},"67":{"start":{"line":163,"column":6},"end":{"line":163,"column":66}},"68":{"start":{"line":164,"column":6},"end":{"line":164,"column":18}},"69":{"start":{"line":168,"column":17},"end":{"line":177,"column":3}},"70":{"start":{"line":169,"column":4},"end":{"line":176,"column":5}},"71":{"start":{"line":170,"column":6},"end":{"line":170,"column":24}},"72":{"start":{"line":171,"column":6},"end":{"line":171,"column":35}},"73":{"start":{"line":173,"column":6},"end":{"line":173,"column":51}},"74":{"start":{"line":175,"column":6},"end":{"line":175,"column":35}},"75":{"start":{"line":179,"column":21},"end":{"line":181,"column":3}},"76":{"start":{"line":180,"column":4},"end":{"line":180,"column":38}},"77":{"start":{"line":183,"column":2},"end":{"line":187,"column":4}}},"fnMap":{"0":{"name":"(anonymous_0)","decl":{"start":{"line":34,"column":27},"end":{"line":34,"column":28}},"loc":{"start":{"line":34,"column":80},"end":{"line":54,"column":1}},"line":34},"1":{"name":"(anonymous_1)","decl":{"start":{"line":66,"column":23},"end":{"line":66,"column":24}},"loc":{"start":{"line":66,"column":29},"end":{"line":72,"column":1}},"line":66},"2":{"name":"(anonymous_2)","decl":{"start":{"line":78,"column":57},"end":{"line":78,"column":58}},"loc":{"start":{"line":78,"column":75},"end":{"line":188,"column":1}},"line":78},"3":{"name":"(anonymous_3)","decl":{"start":{"line":81,"column":12},"end":{"line":81,"column":13}},"loc":{"start":{"line":81,"column":18},"end":{"line":83,"column":3}},"line":81},"4":{"name":"(anonymous_4)","decl":{"start":{"line":85,"column":22},"end":{"line":85,"column":23}},"loc":{"start":{"line":85,"column":34},"end":{"line":93,"column":3}},"line":85},"5":{"name":"(anonymous_5)","decl":{"start":{"line":95,"column":16},"end":{"line":95,"column":17}},"loc":{"start":{"line":95,"column":74},"end":{"line":126,"column":3}},"line":95},"6":{"name":"(anonymous_6)","decl":{"start":{"line":109,"column":24},"end":{"line":109,"column":25}},"loc":{"start":{"line":109,"column":35},"end":{"line":109,"column":60}},"line":109},"7":{"name":"(anonymous_7)","decl":{"start":{"line":112,"column":34},"end":{"line":112,"column":35}},"loc":{"start":{"line":112,"column":39},"end":{"line":112,"column":83}},"line":112},"8":{"name":"(anonymous_8)","decl":{"start":{"line":128,"column":17},"end":{"line":128,"column":18}},"loc":{"start":{"line":128,"column":89},"end":{"line":166,"column":3}},"line":128},"9":{"name":"(anonymous_9)","decl":{"start":{"line":146,"column":24},"end":{"line":146,"column":25}},"loc":{"start":{"line":146,"column":35},"end":{"line":146,"column":60}},"line":146},"10":{"name":"(anonymous_10)","decl":{"start":{"line":149,"column":42},"end":{"line":149,"column":43}},"loc":{"start":{"line":149,"column":47},"end":{"line":149,"column":64}},"line":149},"11":{"name":"(anonymous_11)","decl":{"start":{"line":168,"column":17},"end":{"line":168,"column":18}},"loc":{"start":{"line":168,"column":44},"end":{"line":177,"column":3}},"line":168},"12":{"name":"(anonymous_12)","decl":{"start":{"line":179,"column":21},"end":{"line":179,"column":22}},"loc":{"start":{"line":179,"column":27},"end":{"line":181,"column":3}},"line":179}},"branchMap":{"0":{"loc":{"start":{"line":35,"column":2},"end":{"line":53,"column":3}},"type":"switch","locations":[{"start":{"line":36,"column":4},"end":{"line":36,"column":25}},{"start":{"line":37,"column":4},"end":{"line":38,"column":54}},{"start":{"line":39,"column":4},"end":{"line":39,"column":25}},{"start":{"line":40,"column":4},"end":{"line":41,"column":77}},{"start":{"line":42,"column":4},"end":{"line":42,"column":25}},{"start":{"line":43,"column":4},"end":{"line":44,"column":65}},{"start":{"line":45,"column":4},"end":{"line":46,"column":67}},{"start":{"line":47,"column":4},"end":{"line":48,"column":77}},{"start":{"line":49,"column":4},"end":{"line":50,"column":39}},{"start":{"line":51,"column":4},"end":{"line":52,"column":19}}],"line":35},"1":{"loc":{"start":{"line":68,"column":2},"end":{"line":70,"column":3}},"type":"if","locations":[{"start":{"line":68,"column":2},"end":{"line":70,"column":3}},{"start":{},"end":{}}],"line":68},"2":{"loc":{"start":{"line":100,"column":6},"end":{"line":102,"column":7}},"type":"if","locations":[{"start":{"line":100,"column":6},"end":{"line":102,"column":7}},{"start":{},"end":{}}],"line":100},"3":{"loc":{"start":{"line":104,"column":6},"end":{"line":106,"column":7}},"type":"if","locations":[{"start":{"line":104,"column":6},"end":{"line":106,"column":7}},{"start":{},"end":{}}],"line":104},"4":{"loc":{"start":{"line":112,"column":39},"end":{"line":112,"column":83}},"type":"binary-expr","locations":[{"start":{"line":112,"column":39},"end":{"line":112,"column":56}},{"start":{"line":112,"column":60},"end":{"line":112,"column":83}}],"line":112},"5":{"loc":{"start":{"line":114,"column":6},"end":{"line":116,"column":7}},"type":"if","locations":[{"start":{"line":114,"column":6},"end":{"line":116,"column":7}},{"start":{},"end":{}}],"line":114},"6":{"loc":{"start":{"line":122,"column":27},"end":{"line":122,"column":82}},"type":"cond-expr","locations":[{"start":{"line":122,"column":52},"end":{"line":122,"column":65}},{"start":{"line":122,"column":68},"end":{"line":122,"column":82}}],"line":122},"7":{"loc":{"start":{"line":133,"column":6},"end":{"line":135,"column":7}},"type":"if","locations":[{"start":{"line":133,"column":6},"end":{"line":135,"column":7}},{"start":{},"end":{}}],"line":133},"8":{"loc":{"start":{"line":137,"column":6},"end":{"line":139,"column":7}},"type":"if","locations":[{"start":{"line":137,"column":6},"end":{"line":139,"column":7}},{"start":{},"end":{}}],"line":137},"9":{"loc":{"start":{"line":141,"column":6},"end":{"line":143,"column":7}},"type":"if","locations":[{"start":{"line":141,"column":6},"end":{"line":143,"column":7}},{"start":{},"end":{}}],"line":141},"10":{"loc":{"start":{"line":150,"column":6},"end":{"line":152,"column":7}},"type":"if","locations":[{"start":{"line":150,"column":6},"end":{"line":152,"column":7}},{"start":{},"end":{}}],"line":150},"11":{"loc":{"start":{"line":162,"column":27},"end":{"line":162,"column":83}},"type":"cond-expr","locations":[{"start":{"line":162,"column":52},"end":{"line":162,"column":65}},{"start":{"line":162,"column":68},"end":{"line":162,"column":83}}],"line":162}},"s":{"0":2,"1":2,"2":2,"3":24,"4":5,"5":2,"6":3,"7":1,"8":11,"9":1,"10":1,"11":2,"12":2,"13":31,"14":31,"15":2,"16":29,"17":2,"18":29,"19":29,"20":11,"21":29,"22":11,"23":11,"24":11,"25":0,"26":0,"27":29,"28":3,"29":3,"30":3,"31":0,"32":3,"33":0,"34":3,"35":3,"36":3,"37":7,"38":3,"39":2,"40":1,"41":1,"42":1,"43":2,"44":2,"45":2,"46":29,"47":2,"48":2,"49":2,"50":0,"51":2,"52":0,"53":2,"54":0,"55":2,"56":2,"57":2,"58":4,"59":2,"60":1,"61":1,"62":1,"63":1,"64":1,"65":1,"66":1,"67":1,"68":1,"69":29,"70":1,"71":1,"72":1,"73":0,"74":0,"75":29,"76":1,"77":29},"f":{"0":24,"1":31,"2":29,"3":11,"4":11,"5":3,"6":3,"7":7,"8":2,"9":2,"10":4,"11":1,"12":1},"b":{"0":[3,5,1,2,2,3,1,11,1,1],"1":[2,29],"2":[0,3],"3":[0,3],"4":[7,1],"5":[2,1],"6":[2,0],"7":[0,2],"8":[0,2],"9":[0,2],"10":[1,1],"11":[1,0]},"_coverageSchema":"1a1c01bbd47fc00a2c39e90264f33305004495a9","hash":"bb395df82401cfbe88bbc2e6b104aa6a776b608b"}
,"/Users/rukmoni/wiremock/MobileDev/Assesment/AuthContext/src/navigation/AppNavigator.tsx": {"path":"/Users/rukmoni/wiremock/MobileDev/Assesment/AuthContext/src/navigation/AppNavigator.tsx","statementMap":{"0":{"start":{"line":8,"column":20},"end":{"line":8,"column":29}},"1":{"start":{"line":10,"column":2},"end":{"line":14,"column":4}}},"fnMap":{"0":{"name":"AppNavigator","decl":{"start":{"line":7,"column":24},"end":{"line":7,"column":36}},"loc":{"start":{"line":7,"column":39},"end":{"line":15,"column":1}},"line":7}},"branchMap":{"0":{"loc":{"start":{"line":12,"column":7},"end":{"line":12,"column":47}},"type":"cond-expr","locations":[{"start":{"line":12,"column":20},"end":{"line":12,"column":31}},{"start":{"line":12,"column":34},"end":{"line":12,"column":47}}],"line":12}},"s":{"0":3,"1":3},"f":{"0":3},"b":{"0":[1,2]},"_coverageSchema":"1a1c01bbd47fc00a2c39e90264f33305004495a9","hash":"868faaf388a5256fc698cc608d928dd8f88471dd"}
,"/Users/rukmoni/wiremock/MobileDev/Assesment/AuthContext/src/navigation/AppTabs.tsx": {"path":"/Users/rukmoni/wiremock/MobileDev/Assesment/AuthContext/src/navigation/AppTabs.tsx","statementMap":{"0":{"start":{"line":14,"column":12},"end":{"line":14,"column":55}},"1":{"start":{"line":17,"column":2},"end":{"line":34,"column":4}},"2":{"start":{"line":19,"column":37},"end":{"line":28,"column":7}},"3":{"start":{"line":22,"column":10},"end":{"line":22,"column":79}},"4":{"start":{"line":22,"column":37},"end":{"line":22,"column":79}},"5":{"start":{"line":23,"column":10},"end":{"line":23,"column":82}},"6":{"start":{"line":23,"column":40},"end":{"line":23,"column":82}},"7":{"start":{"line":24,"column":10},"end":{"line":24,"column":87}},"8":{"start":{"line":24,"column":41},"end":{"line":24,"column":87}}},"fnMap":{"0":{"name":"AppTabs","decl":{"start":{"line":16,"column":24},"end":{"line":16,"column":31}},"loc":{"start":{"line":16,"column":34},"end":{"line":35,"column":1}},"line":16},"1":{"name":"(anonymous_1)","decl":{"start":{"line":19,"column":21},"end":{"line":19,"column":22}},"loc":{"start":{"line":19,"column":37},"end":{"line":28,"column":7}},"line":19},"2":{"name":"(anonymous_2)","decl":{"start":{"line":21,"column":20},"end":{"line":21,"column":21}},"loc":{"start":{"line":21,"column":41},"end":{"line":25,"column":9}},"line":21}},"branchMap":{"0":{"loc":{"start":{"line":22,"column":10},"end":{"line":22,"column":79}},"type":"if","locations":[{"start":{"line":22,"column":10},"end":{"line":22,"column":79}},{"start":{},"end":{}}],"line":22},"1":{"loc":{"start":{"line":23,"column":10},"end":{"line":23,"column":82}},"type":"if","locations":[{"start":{"line":23,"column":10},"end":{"line":23,"column":82}},{"start":{},"end":{}}],"line":23},"2":{"loc":{"start":{"line":24,"column":10},"end":{"line":24,"column":87}},"type":"if","locations":[{"start":{"line":24,"column":10},"end":{"line":24,"column":87}},{"start":{},"end":{}}],"line":24}},"s":{"0":1,"1":1,"2":3,"3":6,"4":2,"5":4,"6":2,"7":2,"8":2},"f":{"0":1,"1":3,"2":6},"b":{"0":[2,4],"1":[2,2],"2":[2,0]},"_coverageSchema":"1a1c01bbd47fc00a2c39e90264f33305004495a9","hash":"40fbe93af89d353886c4a5f480c6f03727b7afd9"}
,"/Users/rukmoni/wiremock/MobileDev/Assesment/AuthContext/src/navigation/AuthStack.tsx": {"path":"/Users/rukmoni/wiremock/MobileDev/Assesment/AuthContext/src/navigation/AuthStack.tsx","statementMap":{"0":{"start":{"line":11,"column":14},"end":{"line":11,"column":62}},"1":{"start":{"line":14,"column":2},"end":{"line":19,"column":4}}},"fnMap":{"0":{"name":"AuthStack","decl":{"start":{"line":13,"column":24},"end":{"line":13,"column":33}},"loc":{"start":{"line":13,"column":36},"end":{"line":20,"column":1}},"line":13}},"branchMap":{},"s":{"0":1,"1":2},"f":{"0":2},"b":{},"_coverageSchema":"1a1c01bbd47fc00a2c39e90264f33305004495a9","hash":"feeeee4a7c0abe169c3b2ae09a08fd44a37a0b13"}
,"/Users/rukmoni/wiremock/MobileDev/Assesment/AuthContext/src/screens/HomeScreen.tsx": {"path":"/Users/rukmoni/wiremock/MobileDev/Assesment/AuthContext/src/screens/HomeScreen.tsx","statementMap":{"0":{"start":{"line":20,"column":21},"end":{"line":20,"column":49}},"1":{"start":{"line":21,"column":28},"end":{"line":21,"column":37}},"2":{"start":{"line":22,"column":38},"end":{"line":22,"column":53}},"3":{"start":{"line":24,"column":16},"end":{"line":24,"column":51}},"4":{"start":{"line":26,"column":23},"end":{"line":35,"column":3}},"5":{"start":{"line":27,"column":4},"end":{"line":34,"column":6}},"6":{"start":{"line":37,"column":2},"end":{"line":92,"column":4}},"7":{"start":{"line":74,"column":35},"end":{"line":74,"column":61}},"8":{"start":{"line":95,"column":15},"end":{"line":133,"column":2}}},"fnMap":{"0":{"name":"HomeScreen","decl":{"start":{"line":19,"column":24},"end":{"line":19,"column":34}},"loc":{"start":{"line":19,"column":37},"end":{"line":93,"column":1}},"line":19},"1":{"name":"(anonymous_1)","decl":{"start":{"line":26,"column":23},"end":{"line":26,"column":24}},"loc":{"start":{"line":26,"column":29},"end":{"line":35,"column":3}},"line":26},"2":{"name":"(anonymous_2)","decl":{"start":{"line":74,"column":29},"end":{"line":74,"column":30}},"loc":{"start":{"line":74,"column":35},"end":{"line":74,"column":61}},"line":74}},"branchMap":{"0":{"loc":{"start":{"line":24,"column":16},"end":{"line":24,"column":51}},"type":"cond-expr","locations":[{"start":{"line":24,"column":29},"end":{"line":24,"column":38}},{"start":{"line":24,"column":41},"end":{"line":24,"column":51}}],"line":24},"1":{"loc":{"start":{"line":76,"column":26},"end":{"line":76,"column":81}},"type":"cond-expr","locations":[{"start":{"line":76,"column":39},"end":{"line":76,"column":58}},{"start":{"line":76,"column":61},"end":{"line":76,"column":81}}],"line":76}},"s":{"0":7,"1":7,"2":7,"3":7,"4":7,"5":1,"6":7,"7":2,"8":2},"f":{"0":7,"1":1,"2":2},"b":{"0":[1,6],"1":[1,6]},"_coverageSchema":"1a1c01bbd47fc00a2c39e90264f33305004495a9","hash":"870466cac175da6b1ca9a700f03e599077fd0347"}
,"/Users/rukmoni/wiremock/MobileDev/Assesment/AuthContext/src/screens/LoginScreen.tsx": {"path":"/Users/rukmoni/wiremock/MobileDev/Assesment/AuthContext/src/screens/LoginScreen.tsx","statementMap":{"0":{"start":{"line":20,"column":28},"end":{"line":20,"column":40}},"1":{"start":{"line":21,"column":34},"end":{"line":21,"column":46}},"2":{"start":{"line":22,"column":42},"end":{"line":22,"column":57}},"3":{"start":{"line":23,"column":39},"end":{"line":23,"column":48}},"4":{"start":{"line":28,"column":2},"end":{"line":32,"column":24}},"5":{"start":{"line":29,"column":4},"end":{"line":31,"column":5}},"6":{"start":{"line":30,"column":6},"end":{"line":30,"column":19}},"7":{"start":{"line":34,"column":22},"end":{"line":47,"column":3}},"8":{"start":{"line":35,"column":4},"end":{"line":38,"column":5}},"9":{"start":{"line":36,"column":6},"end":{"line":36,"column":56}},"10":{"start":{"line":37,"column":6},"end":{"line":37,"column":13}},"11":{"start":{"line":40,"column":4},"end":{"line":46,"column":5}},"12":{"start":{"line":41,"column":6},"end":{"line":41,"column":42}},"13":{"start":{"line":45,"column":6},"end":{"line":45,"column":52}},"14":{"start":{"line":49,"column":35},"end":{"line":51,"column":3}},"15":{"start":{"line":50,"column":4},"end":{"line":50,"column":35}},"16":{"start":{"line":52,"column":2},"end":{"line":135,"column":4}},"17":{"start":{"line":138,"column":15},"end":{"line":271,"column":2}}},"fnMap":{"0":{"name":"LoginScreen","decl":{"start":{"line":19,"column":24},"end":{"line":19,"column":35}},"loc":{"start":{"line":19,"column":38},"end":{"line":136,"column":1}},"line":19},"1":{"name":"(anonymous_1)","decl":{"start":{"line":28,"column":12},"end":{"line":28,"column":13}},"loc":{"start":{"line":28,"column":18},"end":{"line":32,"column":3}},"line":28},"2":{"name":"(anonymous_2)","decl":{"start":{"line":34,"column":22},"end":{"line":34,"column":23}},"loc":{"start":{"line":34,"column":34},"end":{"line":47,"column":3}},"line":34},"3":{"name":"(anonymous_3)","decl":{"start":{"line":49,"column":35},"end":{"line":49,"column":36}},"loc":{"start":{"line":49,"column":41},"end":{"line":51,"column":3}},"line":49}},"branchMap":{"0":{"loc":{"start":{"line":29,"column":4},"end":{"line":31,"column":5}},"type":"if","locations":[{"start":{"line":29,"column":4},"end":{"line":31,"column":5}},{"start":{},"end":{}}],"line":29},"1":{"loc":{"start":{"line":35,"column":4},"end":{"line":38,"column":5}},"type":"if","locations":[{"start":{"line":35,"column":4},"end":{"line":38,"column":5}},{"start":{},"end":{}}],"line":35},"2":{"loc":{"start":{"line":35,"column":8},"end":{"line":35,"column":41}},"type":"binary-expr","locations":[{"start":{"line":35,"column":8},"end":{"line":35,"column":21}},{"start":{"line":35,"column":25},"end":{"line":35,"column":41}}],"line":35},"3":{"loc":{"start":{"line":55,"column":18},"end":{"line":55,"column":62}},"type":"cond-expr","locations":[{"start":{"line":55,"column":42},"end":{"line":55,"column":51}},{"start":{"line":55,"column":54},"end":{"line":55,"column":62}}],"line":55},"4":{"loc":{"start":{"line":63,"column":13},"end":{"line":67,"column":13}},"type":"binary-expr","locations":[{"start":{"line":63,"column":13},"end":{"line":63,"column":24}},{"start":{"line":64,"column":14},"end":{"line":66,"column":21}}],"line":63},"5":{"loc":{"start":{"line":104,"column":21},"end":{"line":108,"column":21}},"type":"cond-expr","locations":[{"start":{"line":105,"column":22},"end":{"line":105,"column":77}},{"start":{"line":107,"column":22},"end":{"line":107,"column":80}}],"line":104},"6":{"loc":{"start":{"line":114,"column":39},"end":{"line":114,"column":77}},"type":"binary-expr","locations":[{"start":{"line":114,"column":39},"end":{"line":114,"column":52}},{"start":{"line":114,"column":56},"end":{"line":114,"column":77}}],"line":114},"7":{"loc":{"start":{"line":119,"column":19},"end":{"line":119,"column":62}},"type":"cond-expr","locations":[{"start":{"line":119,"column":35},"end":{"line":119,"column":50}},{"start":{"line":119,"column":53},"end":{"line":119,"column":62}}],"line":119}},"s":{"0":8,"1":8,"2":8,"3":8,"4":8,"5":7,"6":0,"7":8,"8":2,"9":1,"10":1,"11":1,"12":1,"13":0,"14":8,"15":0,"16":8,"17":2},"f":{"0":8,"1":7,"2":2,"3":0},"b":{"0":[0,7],"1":[1,1],"2":[2,1],"3":[8,0],"4":[8,0],"5":[0,8],"6":[8,1],"7":[1,7]},"_coverageSchema":"1a1c01bbd47fc00a2c39e90264f33305004495a9","hash":"3eb407e813b96cd478106d0d72cb89c67476d678"}
,"/Users/rukmoni/wiremock/MobileDev/Assesment/AuthContext/src/screens/ProfileScreen.tsx": {"path":"/Users/rukmoni/wiremock/MobileDev/Assesment/AuthContext/src/screens/ProfileScreen.tsx","statementMap":{"0":{"start":{"line":7,"column":20},"end":{"line":7,"column":29}},"1":{"start":{"line":10,"column":19},"end":{"line":15,"column":3}},"2":{"start":{"line":17,"column":2},"end":{"line":62,"column":4}},"3":{"start":{"line":65,"column":15},"end":{"line":167,"column":2}}},"fnMap":{"0":{"name":"ProfileScreen","decl":{"start":{"line":6,"column":24},"end":{"line":6,"column":37}},"loc":{"start":{"line":6,"column":40},"end":{"line":63,"column":1}},"line":6}},"branchMap":{"0":{"loc":{"start":{"line":11,"column":10},"end":{"line":11,"column":36}},"type":"binary-expr","locations":[{"start":{"line":11,"column":10},"end":{"line":11,"column":26}},{"start":{"line":11,"column":30},"end":{"line":11,"column":36}}],"line":11},"1":{"loc":{"start":{"line":12,"column":11},"end":{"line":12,"column":50}},"type":"binary-expr","locations":[{"start":{"line":12,"column":11},"end":{"line":12,"column":28}},{"start":{"line":12,"column":32},"end":{"line":12,"column":50}}],"line":12}},"s":{"0":2,"1":2,"2":2,"3":2},"f":{"0":2},"b":{"0":[2,1],"1":[2,1]},"_coverageSchema":"1a1c01bbd47fc00a2c39e90264f33305004495a9","hash":"d8e08fc7c753de7a06d69cb0f66fa11096737721"}
,"/Users/rukmoni/wiremock/MobileDev/Assesment/AuthContext/src/screens/SettingsScreen.tsx": {"path":"/Users/rukmoni/wiremock/MobileDev/Assesment/AuthContext/src/screens/SettingsScreen.tsx","statementMap":{"0":{"start":{"line":7,"column":58},"end":{"line":7,"column":72}},"1":{"start":{"line":8,"column":48},"end":{"line":8,"column":63}},"2":{"start":{"line":10,"column":22},"end":{"line":50,"column":3}},"3":{"start":{"line":27,"column":4},"end":{"line":49,"column":23}},"4":{"start":{"line":52,"column":2},"end":{"line":119,"column":4}},"5":{"start":{"line":85,"column":27},"end":{"line":85,"column":58}},"6":{"start":{"line":96,"column":27},"end":{"line":96,"column":57}},"7":{"start":{"line":107,"column":27},"end":{"line":107,"column":54}},"8":{"start":{"line":114,"column":27},"end":{"line":114,"column":55}},"9":{"start":{"line":122,"column":15},"end":{"line":197,"column":2}}},"fnMap":{"0":{"name":"SettingsScreen","decl":{"start":{"line":6,"column":24},"end":{"line":6,"column":38}},"loc":{"start":{"line":6,"column":41},"end":{"line":120,"column":1}},"line":6},"1":{"name":"(anonymous_1)","decl":{"start":{"line":10,"column":22},"end":{"line":10,"column":23}},"loc":{"start":{"line":27,"column":4},"end":{"line":49,"column":23}},"line":27},"2":{"name":"(anonymous_2)","decl":{"start":{"line":85,"column":21},"end":{"line":85,"column":22}},"loc":{"start":{"line":85,"column":27},"end":{"line":85,"column":58}},"line":85},"3":{"name":"(anonymous_3)","decl":{"start":{"line":96,"column":21},"end":{"line":96,"column":22}},"loc":{"start":{"line":96,"column":27},"end":{"line":96,"column":57}},"line":96},"4":{"name":"(anonymous_4)","decl":{"start":{"line":107,"column":21},"end":{"line":107,"column":22}},"loc":{"start":{"line":107,"column":27},"end":{"line":107,"column":54}},"line":107},"5":{"name":"(anonymous_5)","decl":{"start":{"line":114,"column":21},"end":{"line":114,"column":22}},"loc":{"start":{"line":114,"column":27},"end":{"line":114,"column":55}},"line":114}},"branchMap":{"0":{"loc":{"start":{"line":15,"column":4},"end":{"line":15,"column":22}},"type":"default-arg","locations":[{"start":{"line":15,"column":17},"end":{"line":15,"column":22}}],"line":15},"1":{"loc":{"start":{"line":36,"column":11},"end":{"line":36,"column":77}},"type":"binary-expr","locations":[{"start":{"line":36,"column":11},"end":{"line":36,"column":19}},{"start":{"line":36,"column":23},"end":{"line":36,"column":77}}],"line":36},"2":{"loc":{"start":{"line":39,"column":7},"end":{"line":48,"column":7}},"type":"cond-expr","locations":[{"start":{"line":40,"column":8},"end":{"line":45,"column":10}},{"start":{"line":47,"column":8},"end":{"line":47,"column":50}}],"line":39},"3":{"loc":{"start":{"line":44,"column":22},"end":{"line":44,"column":57}},"type":"cond-expr","locations":[{"start":{"line":44,"column":36},"end":{"line":44,"column":45}},{"start":{"line":44,"column":48},"end":{"line":44,"column":57}}],"line":44}},"s":{"0":4,"1":4,"2":4,"3":24,"4":4,"5":1,"6":1,"7":1,"8":1,"9":2},"f":{"0":4,"1":24,"2":1,"3":1,"4":1,"5":1},"b":{"0":[16],"1":[24,24],"2":[8,16],"3":[3,5]},"_coverageSchema":"1a1c01bbd47fc00a2c39e90264f33305004495a9","hash":"42b3336a5e7a3490e6bbf32d01e3cc599aa94282"}
,"/Users/rukmoni/wiremock/MobileDev/Assesment/AuthContext/src/screens/SignupScreen.tsx": {"path":"/Users/rukmoni/wiremock/MobileDev/Assesment/AuthContext/src/screens/SignupScreen.tsx","statementMap":{"0":{"start":{"line":24,"column":21},"end":{"line":24,"column":57}},"1":{"start":{"line":25,"column":26},"end":{"line":25,"column":38}},"2":{"start":{"line":26,"column":28},"end":{"line":26,"column":40}},"3":{"start":{"line":27,"column":34},"end":{"line":27,"column":46}},"4":{"start":{"line":28,"column":42},"end":{"line":28,"column":57}},"5":{"start":{"line":29,"column":40},"end":{"line":29,"column":49}},"6":{"start":{"line":32,"column":2},"end":{"line":36,"column":30}},"7":{"start":{"line":33,"column":4},"end":{"line":35,"column":5}},"8":{"start":{"line":34,"column":6},"end":{"line":34,"column":19}},"9":{"start":{"line":38,"column":23},"end":{"line":50,"column":3}},"10":{"start":{"line":39,"column":4},"end":{"line":42,"column":5}},"11":{"start":{"line":40,"column":6},"end":{"line":40,"column":56}},"12":{"start":{"line":41,"column":6},"end":{"line":41,"column":13}},"13":{"start":{"line":44,"column":4},"end":{"line":49,"column":5}},"14":{"start":{"line":45,"column":6},"end":{"line":45,"column":56}},"15":{"start":{"line":48,"column":6},"end":{"line":48,"column":53}},"16":{"start":{"line":52,"column":35},"end":{"line":54,"column":3}},"17":{"start":{"line":53,"column":4},"end":{"line":53,"column":37}},"18":{"start":{"line":53,"column":30},"end":{"line":53,"column":35}},"19":{"start":{"line":56,"column":2},"end":{"line":164,"column":4}},"20":{"start":{"line":151,"column":31},"end":{"line":151,"column":59}},"21":{"start":{"line":166,"column":15},"end":{"line":280,"column":2}}},"fnMap":{"0":{"name":"SignupScreen","decl":{"start":{"line":23,"column":24},"end":{"line":23,"column":36}},"loc":{"start":{"line":23,"column":39},"end":{"line":165,"column":1}},"line":23},"1":{"name":"(anonymous_1)","decl":{"start":{"line":32,"column":12},"end":{"line":32,"column":13}},"loc":{"start":{"line":32,"column":18},"end":{"line":36,"column":3}},"line":32},"2":{"name":"(anonymous_2)","decl":{"start":{"line":38,"column":23},"end":{"line":38,"column":24}},"loc":{"start":{"line":38,"column":35},"end":{"line":50,"column":3}},"line":38},"3":{"name":"(anonymous_3)","decl":{"start":{"line":52,"column":35},"end":{"line":52,"column":36}},"loc":{"start":{"line":52,"column":41},"end":{"line":54,"column":3}},"line":52},"4":{"name":"(anonymous_4)","decl":{"start":{"line":53,"column":20},"end":{"line":53,"column":21}},"loc":{"start":{"line":53,"column":30},"end":{"line":53,"column":35}},"line":53},"5":{"name":"(anonymous_5)","decl":{"start":{"line":151,"column":25},"end":{"line":151,"column":26}},"loc":{"start":{"line":151,"column":31},"end":{"line":151,"column":59}},"line":151}},"branchMap":{"0":{"loc":{"start":{"line":33,"column":4},"end":{"line":35,"column":5}},"type":"if","locations":[{"start":{"line":33,"column":4},"end":{"line":35,"column":5}},{"start":{},"end":{}}],"line":33},"1":{"loc":{"start":{"line":39,"column":4},"end":{"line":42,"column":5}},"type":"if","locations":[{"start":{"line":39,"column":4},"end":{"line":42,"column":5}},{"start":{},"end":{}}],"line":39},"2":{"loc":{"start":{"line":39,"column":8},"end":{"line":39,"column":57}},"type":"binary-expr","locations":[{"start":{"line":39,"column":8},"end":{"line":39,"column":20}},{"start":{"line":39,"column":24},"end":{"line":39,"column":37}},{"start":{"line":39,"column":41},"end":{"line":39,"column":57}}],"line":39},"3":{"loc":{"start":{"line":59,"column":18},"end":{"line":59,"column":63}},"type":"cond-expr","locations":[{"start":{"line":59,"column":42},"end":{"line":59,"column":51}},{"start":{"line":59,"column":54},"end":{"line":59,"column":63}}],"line":59},"4":{"loc":{"start":{"line":67,"column":13},"end":{"line":71,"column":13}},"type":"binary-expr","locations":[{"start":{"line":67,"column":13},"end":{"line":67,"column":24}},{"start":{"line":68,"column":14},"end":{"line":70,"column":21}}],"line":67},"5":{"loc":{"start":{"line":122,"column":40},"end":{"line":122,"column":88}},"type":"cond-expr","locations":[{"start":{"line":122,"column":55},"end":{"line":122,"column":70}},{"start":{"line":122,"column":73},"end":{"line":122,"column":88}}],"line":122},"6":{"loc":{"start":{"line":124,"column":21},"end":{"line":128,"column":21}},"type":"cond-expr","locations":[{"start":{"line":125,"column":22},"end":{"line":125,"column":80}},{"start":{"line":127,"column":22},"end":{"line":127,"column":77}}],"line":124},"7":{"loc":{"start":{"line":135,"column":39},"end":{"line":135,"column":77}},"type":"binary-expr","locations":[{"start":{"line":135,"column":39},"end":{"line":135,"column":52}},{"start":{"line":135,"column":56},"end":{"line":135,"column":77}}],"line":135},"8":{"loc":{"start":{"line":141,"column":19},"end":{"line":141,"column":75}},"type":"cond-expr","locations":[{"start":{"line":141,"column":35},"end":{"line":141,"column":56}},{"start":{"line":141,"column":59},"end":{"line":141,"column":75}}],"line":141},"9":{"loc":{"start":{"line":155,"column":47},"end":{"line":155,"column":83}},"type":"binary-expr","locations":[{"start":{"line":155,"column":47},"end":{"line":155,"column":60}},{"start":{"line":155,"column":64},"end":{"line":155,"column":83}}],"line":155}},"s":{"0":13,"1":13,"2":13,"3":13,"4":13,"5":13,"6":13,"7":12,"8":3,"9":13,"10":2,"11":1,"12":1,"13":1,"14":1,"15":0,"16":13,"17":1,"18":1,"19":13,"20":1,"21":2},"f":{"0":13,"1":12,"2":2,"3":1,"4":1,"5":1},"b":{"0":[3,9],"1":[1,1],"2":[2,1,1],"3":[13,0],"4":[13,3],"5":[1,12],"6":[1,12],"7":[13,1],"8":[1,12],"9":[13,1]},"_coverageSchema":"1a1c01bbd47fc00a2c39e90264f33305004495a9","hash":"8b1d81a44ece1de59a45e0a965101bd43de00c70"}
,"/Users/rukmoni/wiremock/MobileDev/Assesment/AuthContext/src/services/storage.ts": {"path":"/Users/rukmoni/wiremock/MobileDev/Assesment/AuthContext/src/services/storage.ts","statementMap":{"0":{"start":{"line":3,"column":22},"end":{"line":3,"column":33}},"1":{"start":{"line":10,"column":24},"end":{"line":16,"column":1}},"2":{"start":{"line":11,"column":2},"end":{"line":15,"column":3}},"3":{"start":{"line":12,"column":4},"end":{"line":12,"column":68}},"4":{"start":{"line":14,"column":4},"end":{"line":14,"column":48}},"5":{"start":{"line":18,"column":23},"end":{"line":25,"column":1}},"6":{"start":{"line":19,"column":2},"end":{"line":24,"column":3}},"7":{"start":{"line":20,"column":21},"end":{"line":20,"column":62}},"8":{"start":{"line":21,"column":4},"end":{"line":21,"column":50}},"9":{"start":{"line":23,"column":4},"end":{"line":23,"column":16}},"10":{"start":{"line":27,"column":25},"end":{"line":33,"column":1}},"11":{"start":{"line":28,"column":2},"end":{"line":32,"column":3}},"12":{"start":{"line":29,"column":4},"end":{"line":29,"column":49}},"13":{"start":{"line":31,"column":4},"end":{"line":31,"column":49}}},"fnMap":{"0":{"name":"(anonymous_0)","decl":{"start":{"line":10,"column":24},"end":{"line":10,"column":25}},"loc":{"start":{"line":10,"column":61},"end":{"line":16,"column":1}},"line":10},"1":{"name":"(anonymous_1)","decl":{"start":{"line":18,"column":23},"end":{"line":18,"column":24}},"loc":{"start":{"line":18,"column":57},"end":{"line":25,"column":1}},"line":18},"2":{"name":"(anonymous_2)","decl":{"start":{"line":27,"column":25},"end":{"line":27,"column":26}},"loc":{"start":{"line":27,"column":52},"end":{"line":33,"column":1}},"line":27}},"branchMap":{"0":{"loc":{"start":{"line":21,"column":11},"end":{"line":21,"column":49}},"type":"cond-expr","locations":[{"start":{"line":21,"column":22},"end":{"line":21,"column":42}},{"start":{"line":21,"column":45},"end":{"line":21,"column":49}}],"line":21}},"s":{"0":3,"1":3,"2":2,"3":2,"4":1,"5":3,"6":5,"7":5,"8":4,"9":1,"10":3,"11":2,"12":2,"13":1},"f":{"0":2,"1":5,"2":2},"b":{"0":[1,3]},"_coverageSchema":"1a1c01bbd47fc00a2c39e90264f33305004495a9","hash":"6e41c245b029b9717781fbc36d8d2e4a0d10eca1"}
,"/Users/rukmoni/wiremock/MobileDev/Assesment/AuthContext/src/theme/colors.ts": {"path":"/Users/rukmoni/wiremock/MobileDev/Assesment/AuthContext/src/theme/colors.ts","statementMap":{"0":{"start":{"line":1,"column":27},"end":{"line":13,"column":3}},"1":{"start":{"line":15,"column":28},"end":{"line":27,"column":3}}},"fnMap":{},"branchMap":{},"s":{"0":5,"1":5},"f":{},"b":{},"_coverageSchema":"1a1c01bbd47fc00a2c39e90264f33305004495a9","hash":"af3ace82abed75e12132af776ed9abeabb58f971"}
,"/Users/rukmoni/wiremock/MobileDev/Assesment/AuthContext/src/theme/index.ts": {"path":"/Users/rukmoni/wiremock/MobileDev/Assesment/AuthContext/src/theme/index.ts","statementMap":{"0":{"start":{"line":10,"column":33},"end":{"line":14,"column":1}},"1":{"start":{"line":16,"column":32},"end":{"line":20,"column":1}}},"fnMap":{},"branchMap":{},"s":{"0":5,"1":5},"f":{},"b":{},"_coverageSchema":"1a1c01bbd47fc00a2c39e90264f33305004495a9","hash":"43383529f47074f6ef0e6682357338f495a6f0ba"}
,"/Users/rukmoni/wiremock/MobileDev/Assesment/AuthContext/src/theme/paper-theme.ts": {"path":"/Users/rukmoni/wiremock/MobileDev/Assesment/AuthContext/src/theme/paper-theme.ts","statementMap":{},"fnMap":{},"branchMap":{},"s":{},"f":{},"b":{}}
,"/Users/rukmoni/wiremock/MobileDev/Assesment/AuthContext/src/theme/typography.ts": {"path":"/Users/rukmoni/wiremock/MobileDev/Assesment/AuthContext/src/theme/typography.ts","statementMap":{"0":{"start":{"line":1,"column":26},"end":{"line":26,"column":3}}},"fnMap":{},"branchMap":{},"s":{"0":5},"f":{},"b":{},"_coverageSchema":"1a1c01bbd47fc00a2c39e90264f33305004495a9","hash":"21a3b34642c2e47b5e56b584f667c3dc623f2c78"}
,"/Users/rukmoni/wiremock/MobileDev/Assesment/AuthContext/src/utils/validators.ts": {"path":"/Users/rukmoni/wiremock/MobileDev/Assesment/AuthContext/src/utils/validators.ts","statementMap":{"0":{"start":{"line":1,"column":29},"end":{"line":4,"column":3}},"1":{"start":{"line":2,"column":23},"end":{"line":2,"column":51}},"2":{"start":{"line":3,"column":4},"end":{"line":3,"column":34}},"3":{"start":{"line":6,"column":34},"end":{"line":8,"column":3}},"4":{"start":{"line":7,"column":4},"end":{"line":7,"column":32}},"5":{"start":{"line":10,"column":30},"end":{"line":12,"column":3}},"6":{"start":{"line":11,"column":4},"end":{"line":11,"column":35}},"7":{"start":{"line":14,"column":36},"end":{"line":31,"column":3}},"8":{"start":{"line":15,"column":4},"end":{"line":30,"column":5}},"9":{"start":{"line":17,"column":8},"end":{"line":17,"column":54}},"10":{"start":{"line":17,"column":27},"end":{"line":17,"column":54}},"11":{"start":{"line":18,"column":8},"end":{"line":18,"column":79}},"12":{"start":{"line":18,"column":35},"end":{"line":18,"column":79}},"13":{"start":{"line":19,"column":8},"end":{"line":19,"column":20}},"14":{"start":{"line":21,"column":8},"end":{"line":21,"column":50}},"15":{"start":{"line":21,"column":20},"end":{"line":21,"column":50}},"16":{"start":{"line":22,"column":8},"end":{"line":22,"column":86}},"17":{"start":{"line":22,"column":38},"end":{"line":22,"column":86}},"18":{"start":{"line":23,"column":8},"end":{"line":23,"column":20}},"19":{"start":{"line":25,"column":8},"end":{"line":25,"column":53}},"20":{"start":{"line":25,"column":27},"end":{"line":25,"column":53}},"21":{"start":{"line":26,"column":8},"end":{"line":26,"column":78}},"22":{"start":{"line":26,"column":34},"end":{"line":26,"column":78}},"23":{"start":{"line":27,"column":8},"end":{"line":27,"column":20}},"24":{"start":{"line":29,"column":8},"end":{"line":29,"column":20}}},"fnMap":{"0":{"name":"(anonymous_0)","decl":{"start":{"line":1,"column":29},"end":{"line":1,"column":30}},"loc":{"start":{"line":1,"column":57},"end":{"line":4,"column":3}},"line":1},"1":{"name":"(anonymous_1)","decl":{"start":{"line":6,"column":34},"end":{"line":6,"column":35}},"loc":{"start":{"line":6,"column":65},"end":{"line":8,"column":3}},"line":6},"2":{"name":"(anonymous_2)","decl":{"start":{"line":10,"column":30},"end":{"line":10,"column":31}},"loc":{"start":{"line":10,"column":57},"end":{"line":12,"column":3}},"line":10},"3":{"name":"(anonymous_3)","decl":{"start":{"line":14,"column":36},"end":{"line":14,"column":37}},"loc":{"start":{"line":14,"column":85},"end":{"line":31,"column":3}},"line":14}},"branchMap":{"0":{"loc":{"start":{"line":15,"column":4},"end":{"line":30,"column":5}},"type":"switch","locations":[{"start":{"line":16,"column":6},"end":{"line":19,"column":20}},{"start":{"line":20,"column":6},"end":{"line":23,"column":20}},{"start":{"line":24,"column":6},"end":{"line":27,"column":20}},{"start":{"line":28,"column":6},"end":{"line":29,"column":20}}],"line":15},"1":{"loc":{"start":{"line":17,"column":8},"end":{"line":17,"column":54}},"type":"if","locations":[{"start":{"line":17,"column":8},"end":{"line":17,"column":54}},{"start":{},"end":{}}],"line":17},"2":{"loc":{"start":{"line":18,"column":8},"end":{"line":18,"column":79}},"type":"if","locations":[{"start":{"line":18,"column":8},"end":{"line":18,"column":79}},{"start":{},"end":{}}],"line":18},"3":{"loc":{"start":{"line":21,"column":8},"end":{"line":21,"column":50}},"type":"if","locations":[{"start":{"line":21,"column":8},"end":{"line":21,"column":50}},{"start":{},"end":{}}],"line":21},"4":{"loc":{"start":{"line":22,"column":8},"end":{"line":22,"column":86}},"type":"if","locations":[{"start":{"line":22,"column":8},"end":{"line":22,"column":86}},{"start":{},"end":{}}],"line":22},"5":{"loc":{"start":{"line":25,"column":8},"end":{"line":25,"column":53}},"type":"if","locations":[{"start":{"line":25,"column":8},"end":{"line":25,"column":53}},{"start":{},"end":{}}],"line":25},"6":{"loc":{"start":{"line":26,"column":8},"end":{"line":26,"column":78}},"type":"if","locations":[{"start":{"line":26,"column":8},"end":{"line":26,"column":78}},{"start":{},"end":{}}],"line":26}},"s":{"0":3,"1":17,"2":17,"3":3,"4":13,"5":3,"6":11,"7":3,"8":13,"9":5,"10":2,"11":3,"12":2,"13":1,"14":3,"15":1,"16":2,"17":1,"18":1,"19":4,"20":2,"21":2,"22":1,"23":1,"24":1},"f":{"0":17,"1":13,"2":11,"3":13},"b":{"0":[5,3,4,1],"1":[2,3],"2":[2,1],"3":[1,2],"4":[1,1],"5":[2,2],"6":[1,1]},"_coverageSchema":"1a1c01bbd47fc00a2c39e90264f33305004495a9","hash":"ea2ca854179be7e249d89bce570d6602d4b53c4b"}
}
