TN:
SF:src/App.tsx
FN:8,App
FNF:1
FNH:0
FNDA:0,App
DA:9,0
LF:1
LH:0
BRF:0
BRH:0
end_of_record
TN:
SF:src/types.d.ts
FNF:0
FNH:0
LF:0
LH:0
BRF:0
BRH:0
end_of_record
TN:
SF:src/components/LoginFooter.tsx
FN:9,LoginFooter
FN:18,(anonymous_1)
FNF:2
FNH:0
FNDA:0,LoginFooter
FNDA:0,(anonymous_1)
DA:10,0
DA:12,0
DA:18,0
DA:28,0
LF:4
LH:0
BRDA:20,0,0,0
BRDA:20,0,1,0
BRF:2
BRH:0
end_of_record
TN:
SF:src/context/AuthContext.tsx
FN:34,(anonymous_0)
FN:66,(anonymous_1)
FN:78,(anonymous_2)
FN:81,(anonymous_3)
FN:85,(anonymous_4)
FN:94,(anonymous_5)
FN:108,(anonymous_6)
FN:110,(anonymous_7)
FN:126,(anonymous_8)
FN:144,(anonymous_9)
FN:147,(anonymous_10)
FN:166,(anonymous_11)
FN:175,(anonymous_12)
FNF:13
FNH:13
FNDA:30,(anonymous_0)
FNDA:39,(anonymous_1)
FNDA:37,(anonymous_2)
FNDA:14,(anonymous_3)
FNDA:14,(anonymous_4)
FNDA:5,(anonymous_5)
FNDA:3,(anonymous_6)
FNDA:7,(anonymous_7)
FNDA:3,(anonymous_8)
FNDA:2,(anonymous_9)
FNDA:4,(anonymous_10)
FNDA:2,(anonymous_11)
FNDA:1,(anonymous_12)
DA:6,1
DA:28,1
DA:34,1
DA:35,30
DA:38,7
DA:41,2
DA:44,5
DA:46,2
DA:48,13
DA:50,1
DA:52,0
DA:64,1
DA:66,1
DA:67,39
DA:68,39
DA:69,2
DA:71,37
DA:78,1
DA:79,37
DA:81,37
DA:82,14
DA:85,37
DA:86,14
DA:87,14
DA:88,13
DA:90,1
DA:94,37
DA:95,5
DA:97,5
DA:99,5
DA:100,1
DA:103,4
DA:104,1
DA:108,3
DA:110,7
DA:112,3
DA:113,2
DA:116,1
DA:117,1
DA:118,1
DA:120,4
DA:121,4
DA:122,4
DA:126,37
DA:127,3
DA:129,3
DA:131,3
DA:132,1
DA:135,2
DA:136,0
DA:139,2
DA:140,0
DA:144,2
DA:147,4
DA:148,2
DA:149,1
DA:153,1
DA:154,1
DA:156,1
DA:157,1
DA:158,1
DA:160,2
DA:161,2
DA:162,2
DA:166,37
DA:167,2
DA:168,2
DA:169,1
DA:171,1
DA:175,37
DA:176,1
DA:179,37
LF:72
LH:69
BRDA:35,0,0,4
BRDA:35,0,1,7
BRDA:35,0,2,1
BRDA:35,0,3,2
BRDA:35,0,4,3
BRDA:35,0,5,5
BRDA:35,0,6,2
BRDA:35,0,7,13
BRDA:35,0,8,1
BRDA:35,0,9,0
BRDA:68,1,0,2
BRDA:68,1,1,37
BRDA:99,2,0,1
BRDA:99,2,1,4
BRDA:103,3,0,1
BRDA:103,3,1,3
BRDA:110,4,0,7
BRDA:110,4,1,1
BRDA:112,5,0,2
BRDA:112,5,1,1
BRDA:120,6,0,4
BRDA:120,6,1,0
BRDA:131,7,0,1
BRDA:131,7,1,2
BRDA:135,8,0,0
BRDA:135,8,1,2
BRDA:139,9,0,0
BRDA:139,9,1,2
BRDA:148,10,0,1
BRDA:148,10,1,1
BRDA:160,11,0,2
BRDA:160,11,1,0
BRF:32
BRH:27
end_of_record
TN:
SF:src/hooks/useFormValidation.ts
FN:17,(anonymous_0)
FN:28,(anonymous_1)
FN:33,(anonymous_2)
FN:40,(anonymous_3)
FN:43,(anonymous_4)
FN:44,(anonymous_5)
FN:62,(anonymous_6)
FN:70,(anonymous_7)
FN:94,(anonymous_8)
FN:95,(anonymous_9)
FN:104,(anonymous_10)
FN:105,(anonymous_11)
FN:109,(anonymous_12)
FN:118,(anonymous_13)
FN:119,(anonymous_14)
FN:125,(anonymous_15)
FN:126,(anonymous_16)
FN:133,(anonymous_17)
FN:134,(anonymous_18)
FN:135,(anonymous_19)
FNF:20
FNH:0
FNDA:0,(anonymous_0)
FNDA:0,(anonymous_1)
FNDA:0,(anonymous_2)
FNDA:0,(anonymous_3)
FNDA:0,(anonymous_4)
FNDA:0,(anonymous_5)
FNDA:0,(anonymous_6)
FNDA:0,(anonymous_7)
FNDA:0,(anonymous_8)
FNDA:0,(anonymous_9)
FNDA:0,(anonymous_10)
FNDA:0,(anonymous_11)
FNDA:0,(anonymous_12)
FNDA:0,(anonymous_13)
FNDA:0,(anonymous_14)
FNDA:0,(anonymous_15)
FNDA:0,(anonymous_16)
FNDA:0,(anonymous_17)
FNDA:0,(anonymous_18)
FNDA:0,(anonymous_19)
DA:17,0
DA:18,0
DA:19,0
DA:20,0
DA:22,0
DA:27,0
DA:29,0
DA:30,0
DA:33,0
DA:34,0
DA:35,0
DA:36,0
DA:37,0
DA:39,0
DA:40,0
DA:42,0
DA:43,0
DA:44,0
DA:50,0
DA:53,0
DA:61,0
DA:63,0
DA:64,0
DA:65,0
DA:66,0
DA:68,0
DA:69,0
DA:70,0
DA:71,0
DA:72,0
DA:73,0
DA:74,0
DA:76,0
DA:80,0
DA:82,0
DA:84,0
DA:93,0
DA:95,0
DA:96,0
DA:104,0
DA:105,0
DA:108,0
DA:109,0
DA:112,0
DA:118,0
DA:119,0
DA:125,0
DA:126,0
DA:127,0
DA:128,0
DA:129,0
DA:130,0
DA:133,0
DA:134,0
DA:135,0
DA:139,0
LF:56
LH:0
BRDA:17,0,0,0
BRDA:29,1,0,0
BRDA:29,1,1,0
BRDA:35,2,0,0
BRDA:35,2,1,0
BRDA:36,3,0,0
BRDA:36,3,1,0
BRDA:42,4,0,0
BRDA:42,4,1,0
BRDA:68,5,0,0
BRDA:68,5,1,0
BRDA:71,6,0,0
BRDA:71,6,1,0
BRDA:73,7,0,0
BRDA:73,7,1,0
BRDA:108,8,0,0
BRDA:108,8,1,0
BRDA:112,9,0,0
BRDA:112,9,1,0
BRF:19
BRH:0
end_of_record
TN:
SF:src/navigation/AppNavigator.tsx
FN:7,AppNavigator
FNF:1
FNH:0
FNDA:0,AppNavigator
DA:8,0
DA:10,0
LF:2
LH:0
BRDA:12,0,0,0
BRDA:12,0,1,0
BRF:2
BRH:0
end_of_record
TN:
SF:src/navigation/AppTabs.tsx
FN:16,AppTabs
FN:19,(anonymous_1)
FN:21,(anonymous_2)
FNF:3
FNH:0
FNDA:0,AppTabs
FNDA:0,(anonymous_1)
FNDA:0,(anonymous_2)
DA:14,0
DA:17,0
DA:19,0
DA:22,0
DA:23,0
DA:24,0
LF:6
LH:0
BRDA:22,0,0,0
BRDA:22,0,1,0
BRDA:23,1,0,0
BRDA:23,1,1,0
BRDA:24,2,0,0
BRDA:24,2,1,0
BRF:6
BRH:0
end_of_record
TN:
SF:src/navigation/AuthStack.tsx
FN:13,AuthStack
FNF:1
FNH:0
FNDA:0,AuthStack
DA:11,0
DA:14,0
LF:2
LH:0
BRF:0
BRH:0
end_of_record
TN:
SF:src/schemas/authSchemas.ts
FNF:0
FNH:0
DA:3,0
DA:14,0
LF:2
LH:0
BRF:0
BRH:0
end_of_record
TN:
SF:src/screens/HomeScreen.tsx
FN:19,HomeScreen
FN:26,(anonymous_1)
FN:74,(anonymous_2)
FNF:3
FNH:0
FNDA:0,HomeScreen
FNDA:0,(anonymous_1)
FNDA:0,(anonymous_2)
DA:20,0
DA:21,0
DA:22,0
DA:24,0
DA:26,0
DA:27,0
DA:37,0
DA:74,0
DA:95,0
LF:9
LH:0
BRDA:24,0,0,0
BRDA:24,0,1,0
BRDA:76,1,0,0
BRDA:76,1,1,0
BRF:4
BRH:0
end_of_record
TN:
SF:src/screens/LoginScreen.tsx
FN:21,LoginScreen
FN:38,(anonymous_1)
FN:45,(anonymous_2)
FN:51,(anonymous_3)
FN:58,(anonymous_4)
FN:59,(anonymous_5)
FN:62,(anonymous_6)
FN:78,(anonymous_7)
FN:83,(anonymous_8)
FN:91,(anonymous_9)
FN:122,(anonymous_10)
FN:147,(anonymous_11)
FNF:12
FNH:0
FNDA:0,LoginScreen
FNDA:0,(anonymous_1)
FNDA:0,(anonymous_2)
FNDA:0,(anonymous_3)
FNDA:0,(anonymous_4)
FNDA:0,(anonymous_5)
FNDA:0,(anonymous_6)
FNDA:0,(anonymous_7)
FNDA:0,(anonymous_8)
FNDA:0,(anonymous_9)
FNDA:0,(anonymous_10)
FNDA:0,(anonymous_11)
DA:22,0
DA:23,0
DA:24,0
DA:25,0
DA:35,0
DA:38,0
DA:39,0
DA:40,0
DA:45,0
DA:46,0
DA:47,0
DA:51,0
DA:52,0
DA:53,0
DA:58,0
DA:59,0
DA:62,0
DA:63,0
DA:65,0
DA:66,0
DA:69,0
DA:70,0
DA:74,0
DA:78,0
DA:79,0
DA:82,0
DA:83,0
DA:90,0
DA:91,0
DA:98,0
DA:123,0
DA:148,0
DA:205,0
LF:33
LH:0
BRDA:39,0,0,0
BRDA:39,0,1,0
BRDA:46,1,0,0
BRDA:46,1,1,0
BRDA:46,2,0,0
BRDA:46,2,1,0
BRDA:52,3,0,0
BRDA:52,3,1,0
BRDA:52,4,0,0
BRDA:52,4,1,0
BRDA:65,5,0,0
BRDA:65,5,1,0
BRDA:85,6,0,0
BRDA:85,6,1,0
BRDA:85,6,2,0
BRDA:93,7,0,0
BRDA:93,7,1,0
BRDA:93,7,2,0
BRDA:101,8,0,0
BRDA:101,8,1,0
BRDA:109,9,0,0
BRDA:109,9,1,0
BRDA:135,10,0,0
BRDA:135,10,1,0
BRDA:135,10,2,0
BRDA:165,11,0,0
BRDA:165,11,1,0
BRDA:172,12,0,0
BRDA:172,12,1,0
BRDA:172,12,2,0
BRDA:180,13,0,0
BRDA:180,13,1,0
BRDA:180,13,2,0
BRDA:183,14,0,0
BRDA:183,14,1,0
BRDA:186,15,0,0
BRDA:186,15,1,0
BRF:37
BRH:0
end_of_record
TN:
SF:src/screens/ProfileScreen.tsx
FN:6,ProfileScreen
FNF:1
FNH:0
FNDA:0,ProfileScreen
DA:7,0
DA:10,0
DA:17,0
DA:65,0
LF:4
LH:0
BRDA:11,0,0,0
BRDA:11,0,1,0
BRDA:12,1,0,0
BRDA:12,1,1,0
BRF:4
BRH:0
end_of_record
TN:
SF:src/screens/SettingsScreen.tsx
FN:6,SettingsScreen
FN:10,(anonymous_1)
FN:85,(anonymous_2)
FN:96,(anonymous_3)
FN:107,(anonymous_4)
FN:114,(anonymous_5)
FNF:6
FNH:0
FNDA:0,SettingsScreen
FNDA:0,(anonymous_1)
FNDA:0,(anonymous_2)
FNDA:0,(anonymous_3)
FNDA:0,(anonymous_4)
FNDA:0,(anonymous_5)
DA:7,0
DA:8,0
DA:10,0
DA:27,0
DA:52,0
DA:85,0
DA:96,0
DA:107,0
DA:114,0
DA:122,0
LF:10
LH:0
BRDA:15,0,0,0
BRDA:36,1,0,0
BRDA:36,1,1,0
BRDA:39,2,0,0
BRDA:39,2,1,0
BRDA:44,3,0,0
BRDA:44,3,1,0
BRF:7
BRH:0
end_of_record
TN:
SF:src/screens/SignupScreen.tsx
FN:28,SignupScreen
FN:46,(anonymous_1)
FN:47,(anonymous_2)
FN:50,(anonymous_3)
FN:70,(anonymous_4)
FN:74,(anonymous_5)
FN:79,(anonymous_6)
FN:85,(anonymous_7)
FN:91,(anonymous_8)
FN:97,(anonymous_9)
FN:127,(anonymous_10)
FN:150,(anonymous_11)
FN:176,(anonymous_12)
FN:226,(anonymous_13)
FNF:14
FNH:0
FNDA:0,SignupScreen
FNDA:0,(anonymous_1)
FNDA:0,(anonymous_2)
FNDA:0,(anonymous_3)
FNDA:0,(anonymous_4)
FNDA:0,(anonymous_5)
FNDA:0,(anonymous_6)
FNDA:0,(anonymous_7)
FNDA:0,(anonymous_8)
FNDA:0,(anonymous_9)
FNDA:0,(anonymous_10)
FNDA:0,(anonymous_11)
FNDA:0,(anonymous_12)
FNDA:0,(anonymous_13)
DA:29,0
DA:30,0
DA:31,0
DA:32,0
DA:33,0
DA:34,0
DA:43,0
DA:46,0
DA:47,0
DA:50,0
DA:51,0
DA:57,0
DA:58,0
DA:61,0
DA:62,0
DA:66,0
DA:70,0
DA:71,0
DA:74,0
DA:79,0
DA:85,0
DA:86,0
DA:87,0
DA:88,0
DA:91,0
DA:92,0
DA:93,0
DA:94,0
DA:97,0
DA:98,0
DA:99,0
DA:100,0
DA:103,0
DA:128,0
DA:151,0
DA:177,0
DA:226,0
DA:247,0
LF:38
LH:0
BRDA:57,0,0,0
BRDA:57,0,1,0
BRDA:76,1,0,0
BRDA:76,1,1,0
BRDA:76,1,2,0
BRDA:81,2,0,0
BRDA:81,2,1,0
BRDA:81,2,2,0
BRDA:87,3,0,0
BRDA:87,3,1,0
BRDA:88,4,0,0
BRDA:88,4,1,0
BRDA:93,5,0,0
BRDA:93,5,1,0
BRDA:94,6,0,0
BRDA:94,6,1,0
BRDA:99,7,0,0
BRDA:99,7,1,0
BRDA:100,8,0,0
BRDA:100,8,1,0
BRDA:106,9,0,0
BRDA:106,9,1,0
BRDA:114,10,0,0
BRDA:114,10,1,0
BRDA:139,11,0,0
BRDA:139,11,1,0
BRDA:139,11,2,0
BRDA:164,12,0,0
BRDA:164,12,1,0
BRDA:164,12,2,0
BRDA:194,13,0,0
BRDA:194,13,1,0
BRDA:201,14,0,0
BRDA:201,14,1,0
BRDA:201,14,2,0
BRDA:209,15,0,0
BRDA:209,15,1,0
BRDA:209,15,2,0
BRDA:212,16,0,0
BRDA:212,16,1,0
BRDA:216,17,0,0
BRDA:216,17,1,0
BRDA:233,18,0,0
BRDA:233,18,1,0
BRF:44
BRH:0
end_of_record
TN:
SF:src/services/storage.ts
FN:10,(anonymous_0)
FN:18,(anonymous_1)
FN:27,(anonymous_2)
FNF:3
FNH:0
FNDA:0,(anonymous_0)
FNDA:0,(anonymous_1)
FNDA:0,(anonymous_2)
DA:3,1
DA:10,1
DA:11,0
DA:12,0
DA:14,0
DA:18,1
DA:19,0
DA:20,0
DA:21,0
DA:23,0
DA:27,1
DA:28,0
DA:29,0
DA:31,0
LF:14
LH:4
BRDA:21,0,0,0
BRDA:21,0,1,0
BRF:2
BRH:0
end_of_record
TN:
SF:src/theme/colors.ts
FNF:0
FNH:0
DA:1,0
DA:15,0
LF:2
LH:0
BRF:0
BRH:0
end_of_record
TN:
SF:src/theme/index.ts
FNF:0
FNH:0
DA:10,0
DA:16,0
LF:2
LH:0
BRF:0
BRH:0
end_of_record
TN:
SF:src/theme/paper-theme.ts
FNF:0
FNH:0
LF:0
LH:0
BRF:0
BRH:0
end_of_record
TN:
SF:src/theme/typography.ts
FNF:0
FNH:0
DA:1,0
LF:1
LH:0
BRF:0
BRH:0
end_of_record
TN:
SF:src/utils/validators.ts
FN:1,(anonymous_0)
FN:6,(anonymous_1)
FN:10,(anonymous_2)
FN:14,(anonymous_3)
FNF:4
FNH:0
FNDA:0,(anonymous_0)
FNDA:0,(anonymous_1)
FNDA:0,(anonymous_2)
FNDA:0,(anonymous_3)
DA:1,1
DA:2,0
DA:3,0
DA:6,1
DA:7,0
DA:10,1
DA:11,0
DA:14,1
DA:15,0
DA:17,0
DA:18,0
DA:19,0
DA:21,0
DA:22,0
DA:23,0
DA:25,0
DA:26,0
DA:27,0
DA:29,0
LF:19
LH:4
BRDA:15,0,0,0
BRDA:15,0,1,0
BRDA:15,0,2,0
BRDA:15,0,3,0
BRDA:17,1,0,0
BRDA:17,1,1,0
BRDA:18,2,0,0
BRDA:18,2,1,0
BRDA:21,3,0,0
BRDA:21,3,1,0
BRDA:22,4,0,0
BRDA:22,4,1,0
BRDA:25,5,0,0
BRDA:25,5,1,0
BRDA:26,6,0,0
BRDA:26,6,1,0
BRF:16
BRH:0
end_of_record
