TN:
SF:src/App.tsx
FN:8,App
FNF:1
FNH:1
FNDA:1,App
DA:9,1
LF:1
LH:1
BRF:0
BRH:0
end_of_record
TN:
SF:src/types.d.ts
FNF:0
FNH:0
LF:0
LH:0
BRF:0
BRH:0
end_of_record
TN:
SF:src/components/LoginFooter.tsx
FN:9,LoginFooter
FN:18,(anonymous_1)
FNF:2
FNH:2
FNDA:5,LoginFooter
FNDA:1,(anonymous_1)
DA:10,5
DA:12,5
DA:18,1
DA:28,2
LF:4
LH:4
BRDA:20,0,0,5
BRDA:20,0,1,2
BRF:2
BRH:2
end_of_record
TN:
SF:src/context/AuthContext.tsx
FN:34,(anonymous_0)
FN:66,(anonymous_1)
FN:78,(anonymous_2)
FN:81,(anonymous_3)
FN:85,(anonymous_4)
FN:94,(anonymous_5)
FN:108,(anonymous_6)
FN:110,(anonymous_7)
FN:126,(anonymous_8)
FN:144,(anonymous_9)
FN:147,(anonymous_10)
FN:166,(anonymous_11)
FN:175,(anonymous_12)
FNF:13
FNH:13
FNDA:32,(anonymous_0)
FNDA:42,(anonymous_1)
FNDA:40,(anonymous_2)
FNDA:15,(anonymous_3)
FNDA:15,(anonymous_4)
FNDA:4,(anonymous_5)
FNDA:3,(anonymous_6)
FNDA:7,(anonymous_7)
FNDA:3,(anonymous_8)
FNDA:2,(anonymous_9)
FNDA:4,(anonymous_10)
FNDA:2,(anonymous_11)
FNDA:2,(anonymous_12)
DA:6,2
DA:28,2
DA:34,2
DA:35,32
DA:38,7
DA:41,2
DA:44,5
DA:46,2
DA:48,15
DA:50,1
DA:52,0
DA:64,2
DA:66,2
DA:67,42
DA:68,42
DA:69,2
DA:71,40
DA:78,2
DA:79,40
DA:81,40
DA:82,15
DA:85,40
DA:86,15
DA:87,15
DA:88,14
DA:90,1
DA:94,40
DA:95,4
DA:97,4
DA:99,4
DA:100,1
DA:103,3
DA:104,0
DA:108,3
DA:110,7
DA:112,3
DA:113,2
DA:116,1
DA:117,1
DA:118,1
DA:120,3
DA:121,3
DA:122,3
DA:126,40
DA:127,3
DA:129,3
DA:131,3
DA:132,1
DA:135,2
DA:136,0
DA:139,2
DA:140,0
DA:144,2
DA:147,4
DA:148,2
DA:149,1
DA:153,1
DA:154,1
DA:156,1
DA:157,1
DA:158,1
DA:160,2
DA:161,2
DA:162,2
DA:166,40
DA:167,2
DA:168,2
DA:169,1
DA:171,1
DA:175,40
DA:176,2
DA:179,40
LF:72
LH:68
BRDA:35,0,0,4
BRDA:35,0,1,7
BRDA:35,0,2,1
BRDA:35,0,3,2
BRDA:35,0,4,3
BRDA:35,0,5,5
BRDA:35,0,6,2
BRDA:35,0,7,15
BRDA:35,0,8,1
BRDA:35,0,9,0
BRDA:68,1,0,2
BRDA:68,1,1,40
BRDA:99,2,0,1
BRDA:99,2,1,3
BRDA:103,3,0,0
BRDA:103,3,1,3
BRDA:110,4,0,7
BRDA:110,4,1,1
BRDA:112,5,0,2
BRDA:112,5,1,1
BRDA:120,6,0,3
BRDA:120,6,1,0
BRDA:131,7,0,1
BRDA:131,7,1,2
BRDA:135,8,0,0
BRDA:135,8,1,2
BRDA:139,9,0,0
BRDA:139,9,1,2
BRDA:148,10,0,1
BRDA:148,10,1,1
BRDA:160,11,0,2
BRDA:160,11,1,0
BRF:32
BRH:26
end_of_record
TN:
SF:src/hooks/useFormValidation.ts
FN:17,(anonymous_0)
FN:29,(anonymous_1)
FN:30,(anonymous_2)
FN:36,(anonymous_3)
FN:43,(anonymous_4)
FN:46,(anonymous_5)
FN:47,(anonymous_6)
FN:65,(anonymous_7)
FN:74,(anonymous_8)
FN:98,(anonymous_9)
FN:99,(anonymous_10)
FN:108,(anonymous_11)
FN:109,(anonymous_12)
FN:112,(anonymous_13)
FN:124,(anonymous_14)
FN:125,(anonymous_15)
FN:131,(anonymous_16)
FN:132,(anonymous_17)
FN:140,(anonymous_18)
FN:141,(anonymous_19)
FN:142,(anonymous_20)
FNF:21
FNH:21
FNDA:63,(anonymous_0)
FNDA:12,(anonymous_1)
FNDA:12,(anonymous_2)
FNDA:6,(anonymous_3)
FNDA:2,(anonymous_4)
FNDA:4,(anonymous_5)
FNDA:4,(anonymous_6)
FNDA:8,(anonymous_7)
FNDA:13,(anonymous_8)
FNDA:12,(anonymous_9)
FNDA:12,(anonymous_10)
FNDA:37,(anonymous_11)
FNDA:16,(anonymous_12)
FNDA:68,(anonymous_13)
FNDA:1,(anonymous_14)
FNDA:1,(anonymous_15)
FNDA:2,(anonymous_16)
FNDA:1,(anonymous_17)
FNDA:12,(anonymous_18)
FNDA:12,(anonymous_19)
FNDA:3,(anonymous_20)
DA:17,2
DA:18,63
DA:19,63
DA:20,63
DA:21,63
DA:23,63
DA:28,63
DA:30,12
DA:32,12
DA:33,2
DA:36,12
DA:37,6
DA:38,6
DA:39,6
DA:40,0
DA:42,6
DA:43,2
DA:45,4
DA:46,4
DA:47,4
DA:53,6
DA:56,12
DA:64,63
DA:66,8
DA:67,8
DA:68,8
DA:69,2
DA:70,2
DA:72,6
DA:73,5
DA:74,5
DA:75,13
DA:76,13
DA:77,13
DA:78,13
DA:80,0
DA:84,5
DA:86,1
DA:88,6
DA:97,63
DA:99,12
DA:100,12
DA:108,63
DA:109,37
DA:111,37
DA:113,68
DA:114,68
DA:118,37
DA:124,63
DA:125,1
DA:131,63
DA:132,2
DA:133,2
DA:134,2
DA:135,2
DA:136,2
DA:137,2
DA:140,63
DA:141,12
DA:142,12
DA:146,63
LF:61
LH:59
BRDA:17,0,0,35
BRDA:32,1,0,2
BRDA:32,1,1,10
BRDA:38,2,0,6
BRDA:38,2,1,0
BRDA:39,3,0,0
BRDA:39,3,1,6
BRDA:45,4,0,4
BRDA:45,4,1,0
BRDA:72,5,0,5
BRDA:72,5,1,1
BRDA:75,6,0,13
BRDA:75,6,1,0
BRDA:77,7,0,13
BRDA:77,7,1,0
BRDA:111,8,0,35
BRDA:111,8,1,2
BRDA:114,9,0,68
BRDA:114,9,1,42
BRDA:114,9,2,42
BRDA:118,10,0,37
BRDA:118,10,1,24
BRF:22
BRH:17
end_of_record
TN:
SF:src/navigation/AppNavigator.tsx
FN:7,AppNavigator
FNF:1
FNH:1
FNDA:3,AppNavigator
DA:8,3
DA:10,3
LF:2
LH:2
BRDA:12,0,0,1
BRDA:12,0,1,2
BRF:2
BRH:2
end_of_record
TN:
SF:src/navigation/AppTabs.tsx
FN:16,AppTabs
FN:19,(anonymous_1)
FN:21,(anonymous_2)
FNF:3
FNH:3
FNDA:1,AppTabs
FNDA:3,(anonymous_1)
FNDA:6,(anonymous_2)
DA:14,1
DA:17,1
DA:19,3
DA:22,6
DA:23,4
DA:24,2
LF:6
LH:6
BRDA:22,0,0,2
BRDA:22,0,1,4
BRDA:23,1,0,2
BRDA:23,1,1,2
BRDA:24,2,0,2
BRDA:24,2,1,0
BRF:6
BRH:5
end_of_record
TN:
SF:src/navigation/AuthStack.tsx
FN:13,AuthStack
FNF:1
FNH:1
FNDA:2,AuthStack
DA:11,1
DA:14,2
LF:2
LH:2
BRF:0
BRH:0
end_of_record
TN:
SF:src/schemas/authSchemas.ts
FNF:0
FNH:0
DA:3,3
DA:14,3
LF:2
LH:2
BRF:0
BRH:0
end_of_record
TN:
SF:src/screens/HomeScreen.tsx
FN:19,HomeScreen
FN:26,(anonymous_1)
FN:74,(anonymous_2)
FNF:3
FNH:3
FNDA:7,HomeScreen
FNDA:1,(anonymous_1)
FNDA:2,(anonymous_2)
DA:20,7
DA:21,7
DA:22,7
DA:24,7
DA:26,7
DA:27,1
DA:37,7
DA:74,2
DA:95,2
LF:9
LH:9
BRDA:24,0,0,1
BRDA:24,0,1,6
BRDA:76,1,0,1
BRDA:76,1,1,6
BRF:4
BRH:4
end_of_record
TN:
SF:src/screens/LoginScreen.tsx
FN:22,LoginScreen
FN:39,(anonymous_1)
FN:41,(anonymous_2)
FN:50,(anonymous_3)
FN:56,(anonymous_4)
FN:63,(anonymous_5)
FN:64,(anonymous_6)
FN:67,(anonymous_7)
FN:83,(anonymous_8)
FN:88,(anonymous_9)
FN:96,(anonymous_10)
FN:126,(anonymous_11)
FN:148,(anonymous_12)
FNF:13
FNH:13
FNDA:8,LoginScreen
FNDA:4,(anonymous_1)
FNDA:4,(anonymous_2)
FNDA:5,(anonymous_3)
FNDA:5,(anonymous_4)
FNDA:7,(anonymous_5)
FNDA:7,(anonymous_6)
FNDA:1,(anonymous_7)
FNDA:1,(anonymous_8)
FNDA:8,(anonymous_9)
FNDA:8,(anonymous_10)
FNDA:1,(anonymous_11)
FNDA:1,(anonymous_12)
DA:23,8
DA:24,8
DA:25,8
DA:26,8
DA:36,8
DA:38,8
DA:41,4
DA:42,4
DA:50,8
DA:51,5
DA:52,0
DA:56,8
DA:57,5
DA:58,0
DA:63,8
DA:64,7
DA:67,8
DA:68,1
DA:70,1
DA:71,0
DA:74,1
DA:75,1
DA:79,0
DA:83,8
DA:84,1
DA:87,8
DA:88,8
DA:95,8
DA:96,8
DA:103,8
DA:127,1
DA:128,1
DA:149,1
DA:150,1
DA:204,2
LF:35
LH:31
BRDA:51,0,0,0
BRDA:51,0,1,5
BRDA:51,1,0,5
BRDA:51,1,1,1
BRDA:57,2,0,0
BRDA:57,2,1,5
BRDA:57,3,0,5
BRDA:57,3,1,1
BRDA:70,4,0,0
BRDA:70,4,1,1
BRDA:90,5,0,8
BRDA:90,5,1,0
BRDA:90,5,2,0
BRDA:98,6,0,8
BRDA:98,6,1,0
BRDA:98,6,2,0
BRDA:106,7,0,8
BRDA:106,7,1,0
BRDA:114,8,0,8
BRDA:114,8,1,0
BRDA:137,9,0,8
BRDA:137,9,1,0
BRDA:137,9,2,0
BRDA:164,10,0,1
BRDA:164,10,1,7
BRDA:171,11,0,8
BRDA:171,11,1,0
BRDA:171,11,2,0
BRDA:179,12,0,8
BRDA:179,12,1,7
BRDA:179,12,2,2
BRDA:182,13,0,8
BRDA:182,13,1,7
BRDA:185,14,0,1
BRDA:185,14,1,7
BRF:35
BRH:22
end_of_record
TN:
SF:src/screens/ProfileScreen.tsx
FN:6,ProfileScreen
FNF:1
FNH:1
FNDA:2,ProfileScreen
DA:7,2
DA:10,2
DA:17,2
DA:65,2
LF:4
LH:4
BRDA:11,0,0,2
BRDA:11,0,1,1
BRDA:12,1,0,2
BRDA:12,1,1,1
BRF:4
BRH:4
end_of_record
TN:
SF:src/screens/SettingsScreen.tsx
FN:6,SettingsScreen
FN:10,(anonymous_1)
FN:85,(anonymous_2)
FN:96,(anonymous_3)
FN:107,(anonymous_4)
FN:114,(anonymous_5)
FNF:6
FNH:6
FNDA:4,SettingsScreen
FNDA:24,(anonymous_1)
FNDA:1,(anonymous_2)
FNDA:1,(anonymous_3)
FNDA:1,(anonymous_4)
FNDA:1,(anonymous_5)
DA:7,4
DA:8,4
DA:10,4
DA:27,24
DA:52,4
DA:85,1
DA:96,1
DA:107,1
DA:114,1
DA:122,2
LF:10
LH:10
BRDA:15,0,0,16
BRDA:36,1,0,24
BRDA:36,1,1,24
BRDA:39,2,0,8
BRDA:39,2,1,16
BRDA:44,3,0,3
BRDA:44,3,1,5
BRF:7
BRH:7
end_of_record
TN:
SF:src/screens/SignupScreen.tsx
FN:29,SignupScreen
FN:48,(anonymous_1)
FN:50,(anonymous_2)
FN:58,(anonymous_3)
FN:59,(anonymous_4)
FN:62,(anonymous_5)
FN:82,(anonymous_6)
FN:86,(anonymous_7)
FN:91,(anonymous_8)
FN:97,(anonymous_9)
FN:103,(anonymous_10)
FN:109,(anonymous_11)
FN:138,(anonymous_12)
FN:157,(anonymous_13)
FN:179,(anonymous_14)
FN:226,(anonymous_15)
FNF:16
FNH:16
FNDA:12,SignupScreen
FNDA:7,(anonymous_1)
FNDA:7,(anonymous_2)
FNDA:12,(anonymous_3)
FNDA:12,(anonymous_4)
FNDA:1,(anonymous_5)
FNDA:1,(anonymous_6)
FNDA:24,(anonymous_7)
FNDA:12,(anonymous_8)
FNDA:2,(anonymous_9)
FNDA:1,(anonymous_10)
FNDA:1,(anonymous_11)
FNDA:2,(anonymous_12)
FNDA:1,(anonymous_13)
FNDA:1,(anonymous_14)
FNDA:1,(anonymous_15)
DA:30,12
DA:31,12
DA:32,12
DA:33,12
DA:34,12
DA:35,12
DA:44,12
DA:47,12
DA:50,7
DA:51,7
DA:58,12
DA:59,12
DA:62,12
DA:63,1
DA:69,1
DA:70,0
DA:73,1
DA:74,1
DA:82,12
DA:83,1
DA:86,24
DA:91,12
DA:97,12
DA:98,2
DA:99,2
DA:100,2
DA:103,12
DA:104,1
DA:105,1
DA:106,1
DA:109,12
DA:110,1
DA:111,1
DA:112,1
DA:115,12
DA:139,2
DA:140,2
DA:158,1
DA:159,1
DA:180,1
DA:181,1
DA:226,1
DA:247,2
LF:43
LH:42
BRDA:69,0,0,0
BRDA:69,0,1,1
BRDA:88,1,0,24
BRDA:88,1,1,0
BRDA:88,1,2,0
BRDA:93,2,0,12
BRDA:93,2,1,0
BRDA:93,2,2,0
BRDA:99,3,0,1
BRDA:99,3,1,1
BRDA:100,4,0,0
BRDA:100,4,1,2
BRDA:105,5,0,0
BRDA:105,5,1,1
BRDA:106,6,0,0
BRDA:106,6,1,1
BRDA:111,7,0,0
BRDA:111,7,1,1
BRDA:112,8,0,0
BRDA:112,8,1,1
BRDA:118,9,0,12
BRDA:118,9,1,0
BRDA:126,10,0,12
BRDA:126,10,1,3
BRDA:147,11,0,12
BRDA:147,11,1,0
BRDA:147,11,2,0
BRDA:168,12,0,12
BRDA:168,12,1,0
BRDA:168,12,2,0
BRDA:194,13,0,1
BRDA:194,13,1,11
BRDA:201,14,0,12
BRDA:201,14,1,0
BRDA:201,14,2,0
BRDA:209,15,0,12
BRDA:209,15,1,11
BRDA:209,15,2,1
BRDA:212,16,0,12
BRDA:212,16,1,11
BRDA:216,17,0,1
BRDA:216,17,1,11
BRDA:233,18,0,12
BRDA:233,18,1,1
BRF:44
BRH:27
end_of_record
TN:
SF:src/services/storage.ts
FN:10,(anonymous_0)
FN:18,(anonymous_1)
FN:27,(anonymous_2)
FNF:3
FNH:3
FNDA:2,(anonymous_0)
FNDA:5,(anonymous_1)
FNDA:2,(anonymous_2)
DA:3,3
DA:10,3
DA:11,2
DA:12,2
DA:14,1
DA:18,3
DA:19,5
DA:20,5
DA:21,4
DA:23,1
DA:27,3
DA:28,2
DA:29,2
DA:31,1
LF:14
LH:14
BRDA:21,0,0,1
BRDA:21,0,1,3
BRF:2
BRH:2
end_of_record
TN:
SF:src/theme/colors.ts
FNF:0
FNH:0
DA:1,4
DA:15,4
LF:2
LH:2
BRF:0
BRH:0
end_of_record
TN:
SF:src/theme/index.ts
FNF:0
FNH:0
DA:10,4
DA:16,4
LF:2
LH:2
BRF:0
BRH:0
end_of_record
TN:
SF:src/theme/paper-theme.ts
FNF:0
FNH:0
LF:0
LH:0
BRF:0
BRH:0
end_of_record
TN:
SF:src/theme/typography.ts
FNF:0
FNH:0
DA:1,4
LF:1
LH:1
BRF:0
BRH:0
end_of_record
TN:
SF:src/utils/validators.ts
FN:1,(anonymous_0)
FN:6,(anonymous_1)
FN:10,(anonymous_2)
FN:14,(anonymous_3)
FNF:4
FNH:4
FNDA:12,(anonymous_0)
FNDA:8,(anonymous_1)
FNDA:9,(anonymous_2)
FNDA:13,(anonymous_3)
DA:1,3
DA:2,12
DA:3,12
DA:6,3
DA:7,8
DA:10,3
DA:11,9
DA:14,3
DA:15,13
DA:17,5
DA:18,3
DA:19,1
DA:21,3
DA:22,2
DA:23,1
DA:25,4
DA:26,2
DA:27,1
DA:29,1
LF:19
LH:19
BRDA:15,0,0,5
BRDA:15,0,1,3
BRDA:15,0,2,4
BRDA:15,0,3,1
BRDA:17,1,0,2
BRDA:17,1,1,3
BRDA:18,2,0,2
BRDA:18,2,1,1
BRDA:21,3,0,1
BRDA:21,3,1,2
BRDA:22,4,0,1
BRDA:22,4,1,1
BRDA:25,5,0,2
BRDA:25,5,1,2
BRDA:26,6,0,1
BRDA:26,6,1,1
BRF:16
BRH:16
end_of_record
